#
# A fatal error has been detected by the Java Runtime Environment:
#
#  SIGSEGV (0xb) at pc=0x00007fff686b4678, pid=35096, tid=28163
#
# JRE version: OpenJDK Runtime Environment (14.0+36) (build 14+36-1461)
# Java VM: OpenJDK 64-Bit Server VM (14+36-1461, mixed mode, sharing, tiered, compressed oops, g1 gc, bsd-amd64)
# Problematic frame:
# C  [libobjc.A.dylib+0x8678]  objc_release+0x18
#
# No core dump will be written. Core dumps have been disabled. To enable core dumping, try "ulimit -c unlimited" before starting Java again
#
# If you would like to submit a bug report, please visit:
#   https://bugreport.java.com/bugreport/crash.jsp
# The crash happened outside the Java Virtual Machine in native code.
# See problematic frame for where to report the bug.
#

---------------  S U M M A R Y ------------

Command Line: -agentlib:jdwp=transport=dt_socket,server=n,suspend=y,address=localhost:58423 -Dfile.encoding=UTF-8 SpaceShooter.Main

Host: MacBookAir7,2 x86_64 1600 MHz, 4 cores, 8G, Darwin 19.5.0
Time: Fri Jun 19 13:26:54 2020 CST elapsed time: 1 seconds (0d 0h 0m 1s)

---------------  T H R E A D  ---------------

Current thread (0x00007f88440bf000):  JavaThread "jME3 Main" [_thread_in_native, id=28163, stack(0x00007000102d7000,0x00007000103d7000)]

Stack: [0x00007000102d7000,0x00007000103d7000],  sp=0x00007000103d64d8,  free space=1021k
Native frames: (J=compiled Java code, A=aot compiled Java code, j=interpreted, Vv=VM code, C=native code)
C  [libobjc.A.dylib+0x8678]  objc_release+0x18
C  [libobjc.A.dylib+0x8dba]  objc_autoreleasePoolPop+0xaf
C  [CoreFoundation+0x41b15]  _CFAutoreleasePoolPop+0x16
C  [Foundation+0x1eac1]  -[NSAutoreleasePool release]+0x81
C  [liblwjgl.dylib+0x16cce]  Java_org_lwjgl_opengl_MacOSXContextImplementation_setView+0x10e
j  org.lwjgl.opengl.MacOSXContextImplementation.setView(Ljava/nio/ByteBuffer;Ljava/nio/ByteBuffer;)V+0
j  org.lwjgl.opengl.MacOSXContextImplementation.makeCurrent(Lorg/lwjgl/opengl/PeerInfo;Ljava/nio/ByteBuffer;)V+7
j  org.lwjgl.opengl.ContextGL.makeCurrent()V+46
j  org.lwjgl.opengl.DrawableGL.makeCurrent()V+14
j  org.lwjgl.opengl.Display.makeCurrent()V+3
j  org.lwjgl.opengl.Display.makeCurrentAndSetSwapInterval()V+0
j  org.lwjgl.opengl.Display.create(Lorg/lwjgl/opengl/PixelFormat;Lorg/lwjgl/opengl/Drawable;Lorg/lwjgl/opengl/ContextAttribs;)V+108
j  org.lwjgl.opengl.Display.create(Lorg/lwjgl/opengl/PixelFormat;)V+12
j  com.jme3.system.lwjgl.LwjglDisplay.createContext(Lcom/jme3/system/AppSettings;)V+394
j  com.jme3.system.lwjgl.LwjglAbstractDisplay.initInThread()Z+25
j  com.jme3.system.lwjgl.LwjglAbstractDisplay.run()V+36
j  java.lang.Thread.run()V+11 java.base@14
v  ~StubRoutines::call_stub
V  [libjvm.dylib+0x34b082]  JavaCalls::call_helper(JavaValue*, methodHandle const&, JavaCallArguments*, Thread*)+0x256
V  [libjvm.dylib+0x34a49c]  JavaCalls::call_virtual(JavaValue*, Klass*, Symbol*, Symbol*, JavaCallArguments*, Thread*)+0xfe
V  [libjvm.dylib+0x34a558]  JavaCalls::call_virtual(JavaValue*, Handle, Klass*, Symbol*, Symbol*, Thread*)+0x62
V  [libjvm.dylib+0x3d09b8]  thread_entry(JavaThread*, Thread*)+0x78
V  [libjvm.dylib+0x6ec606]  JavaThread::thread_main_inner()+0x86
V  [libjvm.dylib+0x6ec444]  JavaThread::run()+0x118
V  [libjvm.dylib+0x6ea28b]  Thread::call_run()+0x71
V  [libjvm.dylib+0x5e8c5c]  thread_native_entry(Thread*)+0x129
C  [libsystem_pthread.dylib+0x6109]  _pthread_start+0x94
C  [libsystem_pthread.dylib+0x1b8b]  thread_start+0xf

Java frames: (J=compiled Java code, j=interpreted, Vv=VM code)
j  org.lwjgl.opengl.MacOSXContextImplementation.setView(Ljava/nio/ByteBuffer;Ljava/nio/ByteBuffer;)V+0
j  org.lwjgl.opengl.MacOSXContextImplementation.makeCurrent(Lorg/lwjgl/opengl/PeerInfo;Ljava/nio/ByteBuffer;)V+7
j  org.lwjgl.opengl.ContextGL.makeCurrent()V+46
j  org.lwjgl.opengl.DrawableGL.makeCurrent()V+14
j  org.lwjgl.opengl.Display.makeCurrent()V+3
j  org.lwjgl.opengl.Display.makeCurrentAndSetSwapInterval()V+0
j  org.lwjgl.opengl.Display.create(Lorg/lwjgl/opengl/PixelFormat;Lorg/lwjgl/opengl/Drawable;Lorg/lwjgl/opengl/ContextAttribs;)V+108
j  org.lwjgl.opengl.Display.create(Lorg/lwjgl/opengl/PixelFormat;)V+12
j  com.jme3.system.lwjgl.LwjglDisplay.createContext(Lcom/jme3/system/AppSettings;)V+394
j  com.jme3.system.lwjgl.LwjglAbstractDisplay.initInThread()Z+25
j  com.jme3.system.lwjgl.LwjglAbstractDisplay.run()V+36
j  java.lang.Thread.run()V+11 java.base@14
v  ~StubRoutines::call_stub

siginfo: si_signo: 11 (SIGSEGV), si_code: 1 (SEGV_MAPERR), si_addr: 0x0000000000000020

Register to memory mapping:

RAX=0x0 is NULL
RBX=0x00007f88440b5000 points into unknown readable memory: a1 a1 a1 a1 41 55 54 4f
RCX=0x00007f88440b5168 points into unknown readable memory: a3 a3 a3 a3 a3 a3 a3 a3
RDX=0x0000000000000005 is an unknown value
RSP=0x00007000103d64d8 is pointing into the stack for thread: 0x00007f88440bf000
RBP=0x00007000103d6500 is pointing into the stack for thread: 0x00007f88440bf000
RSI=0x00007f8843fa8a10 points into unknown readable memory: 67 ec 79 29 01 80 3d 00
RDI=0x00007f8843ea3030 points into unknown readable memory: 40 f9 af 73 ff 7f 00 00
R8 =0x00000000000130a8 is an unknown value
R9 =0x0 is NULL
R10=0x000000012979ec60: OBJC_CLASS_$_MacOSXOpenGLView+0 in /Users/cliff/Code.localized/SpaceShooter/liblwjgl.dylib at 0x0000000129760000
R11=0x00007fff2caaa6dd: -[NSResponder release]+0 in /System/Library/Frameworks/AppKit.framework/Versions/C/AppKit at 0x00007fff2ca9f000
R12=0x00007f8843e64db0 points into unknown readable memory: e9 f5 75 87 ff ff 1d 00
R13=0x0000000125521f00 is pointing into metadata
R14=0x00007f88440b5100 points into unknown readable memory: 00 00 00 00 00 00 00 00
R15=0xa3a3a3a3a3a3a3a3 is an unknown value


Registers:
RAX=0x0000000000000000, RBX=0x00007f88440b5000, RCX=0x00007f88440b5168, RDX=0x0000000000000005
RSP=0x00007000103d64d8, RBP=0x00007000103d6500, RSI=0x00007f8843fa8a10, RDI=0x00007f8843ea3030
R8 =0x00000000000130a8, R9 =0x0000000000000000, R10=0x000000012979ec60, R11=0x00007fff2caaa6dd
R12=0x00007f8843e64db0, R13=0x0000000125521f00, R14=0x00007f88440b5100, R15=0xa3a3a3a3a3a3a3a3
RIP=0x00007fff686b4678, EFLAGS=0x0000000000010246, ERR=0x0000000000000004
  TRAPNO=0x000000000000000e

Top of Stack: (sp=0x00007000103d64d8)
0x00007000103d64d8:   00007fff686d0054 0000000000000000
0x00007000103d64e8:   00007f88440b5000 00007fff73aff940
0x00007000103d64f8:   00007f88440bf310 00007000103d6520
0x00007000103d6508:   00007fff686b4dba 0000000000000000
0x00007000103d6518:   00007f88440b5100 00007000103d6540
0x00007000103d6528:   00007fff2f829b15 0000000000000000
0x00007000103d6538:   00007f8843e64db0 00007000103d6580
0x00007000103d6548:   00007fff31ec0ac1 0000000000000000
0x00007000103d6558:   00007f8843fc7f40 00007f8843fa8a10
0x00007000103d6568:   316713f13a4c0002 00007f884790d390
0x00007000103d6578:   00007f8843c06120 00007000103d65b0
0x00007000103d6588:   0000000129776cce 0000000125521f08
0x00007000103d6598:   0000000000000000 00007000103d6640
0x00007000103d65a8:   00007f88440bf000 00007000103d6618
0x00007000103d65b8:   0000000113fea1a3 0000000125521f08
0x00007000103d65c8:   0000000113fe9bb6 00007000103d65d0
0x00007000103d65d8:   0000000125521f00 00007000103d6640
0x00007000103d65e8:   0000000125522510 0000000000000000
0x00007000103d65f8:   0000000787798bc0 0000000125521f08
0x00007000103d6608:   0000000000000000 00007000103d6638
0x00007000103d6618:   00007000103d6690 0000000113fe1019
0x00007000103d6628:   0000000787798bc0 0000000113fe57f8
0x00007000103d6638:   00000007877a4888 000000078770d130
0x00007000103d6648:   00007000103d6648 0000000125521dff
0x00007000103d6658:   00007000103d66c0 0000000125522510
0x00007000103d6668:   0000000000000000 0000000787798bc0
0x00007000103d6678:   0000000125521e70 00007000103d6638
0x00007000103d6688:   00007000103d66b0 00007000103d6720
0x00007000103d6698:   0000000113fe10f0 0000000000000000
0x00007000103d66a8:   000000078770d130 00000007877a4888
0x00007000103d66b8:   000000078770d070 0000000787798ce8
0x00007000103d66c8:   0000000113fe8da4 0000000787798cf8 

Instructions: (pc=0x00007fff686b4678)
0x00007fff686b4578:   90 90 90 90 90 90 66 83 7f 0e 00 74 03 31 c0 c3
0x00007fff686b4588:   48 8b 07 8b 57 08 48 8d 0d ab db 01 00 85 d2 74
0x00007fff686b4598:   38 8b 57 08 ff c2 81 fa 02 04 00 00 72 2b 31 f6
0x00007fff686b45a8:   89 d7 48 89 f1 d1 ef 48 ff c6 83 fa 03 89 fa 77
0x00007fff686b45b8:   f1 3b 35 d9 f7 7e 27 73 0e 48 8b 15 d8 f7 7e 27
0x00007fff686b45c8:   48 8b 4c ca 08 eb 02 31 c9 48 39 c1 0f 94 c0 c3
0x00007fff686b45d8:   90 90 90 90 90 90 90 90 90 90 90 90 90 90 55 48
0x00007fff686b45e8:   89 e5 41 56 53 89 fb 41 89 fe 49 c1 e6 04 be 01
0x00007fff686b45f8:   00 00 00 4c 89 f7 e8 5d d4 01 00 49 89 44 06 f8
0x00007fff686b4608:   49 c7 44 06 f0 01 00 00 00 80 3d 92 f9 7e 27 00
0x00007fff686b4618:   74 2e 31 c9 83 fb 02 72 14 31 c9 89 da d1 ea ff
0x00007fff686b4628:   c1 83 fb 03 89 d3 77 f5 83 f9 0f 77 0c 89 c9 48
0x00007fff686b4638:   8d 15 12 f7 7e 27 ff 04 8a 48 ff 05 48 f7 7e 27
0x00007fff686b4648:   5b 41 5e 5d c3 90 90 90 90 90 90 90 90 90 90 90
0x00007fff686b4658:   90 90 e9 60 3e 00 00 90 48 85 ff 74 64 40 f6 c7
0x00007fff686b4668:   01 75 5e 48 b8 f8 ff ff ff ff 7f 00 00 48 23 07
0x00007fff686b4678:   f6 40 20 04 74 69 48 b9 00 00 00 00 00 00 00 01
0x00007fff686b4688:   48 ba 00 00 00 00 00 00 40 00 48 8b 07 a8 01 74
0x00007fff686b4698:   3e 48 89 c6 48 29 ce 73 21 48 0f ba e0 37 72 4c
0x00007fff686b46a8:   48 0f ba e0 36 0f 82 ab b0 01 00 48 89 c6 48 09
0x00007fff686b46b8:   d6 f0 48 0f b1 37 75 d2 eb 08 f0 48 0f b1 37 75
0x00007fff686b46c8:   c9 c3 48 8b 35 1f e8 7e 27 ff 25 a1 c9 7e 27 f6
0x00007fff686b46d8:   40 1c 01 75 ec be 01 00 00 00 e9 e7 56 00 00 48
0x00007fff686b46e8:   8b 35 32 e7 7e 27 ff 25 84 c9 7e 27 be 01 00 00
0x00007fff686b46f8:   00 e9 e8 59 00 00 90 90 90 e9 04 00 00 00 90 90
0x00007fff686b4708:   90 90 55 48 89 e5 53 50 48 89 fb f6 c3 01 75 21
0x00007fff686b4718:   48 b8 07 00 00 00 00 00 a0 00 48 23 03 48 83 f8
0x00007fff686b4728:   01 75 15 48 89 df 48 83 c4 08 5b 5d e9 7b d3 01
0x00007fff686b4738:   00 48 83 c4 08 5b 5d c3 48 89 df e8 3a 00 00 00
0x00007fff686b4748:   eb e1 90 90 90 90 90 90 48 85 ff 74 1c 55 48 89
0x00007fff686b4758:   e5 53 50 48 89 fb e8 1f 00 00 00 48 89 df e8 49
0x00007fff686b4768:   d3 01 00 48 83 c4 08 5b 5d 31 c0 c3 90 90 90 90 


Stack slot to memory mapping:
stack at sp + 0 slots: 0x00007fff686d0054: _ZN19AutoreleasePoolPage12releaseUntilEPP11objc_object+0x86 in /usr/lib/libobjc.A.dylib at 0x00007fff686ac000
stack at sp + 1 slots: 0x0 is NULL
stack at sp + 2 slots: 0x00007f88440b5000 points into unknown readable memory: a1 a1 a1 a1 41 55 54 4f
stack at sp + 3 slots: 0x00007fff73aff940: GCC_except_table740+0xb423a70 in /usr/lib/libobjc.A.dylib at 0x00007fff686ac000
stack at sp + 4 slots: 0x00007f88440bf310 points into unknown readable memory: 60 8c f1 05 01 00 00 00
stack at sp + 5 slots: 0x00007000103d6520 is pointing into the stack for thread: 0x00007f88440bf000
stack at sp + 6 slots: 0x00007fff686b4dba: objc_autoreleasePoolPop+0xaf in /usr/lib/libobjc.A.dylib at 0x00007fff686ac000
stack at sp + 7 slots: 0x0 is NULL


---------------  P R O C E S S  ---------------

Threads class SMR info:
_java_thread_list=0x00007f8843e88f60, length=16, elements={
0x00007f8844818800, 0x00007f88458ad800, 0x00007f88458b0000, 0x00007f88458ab800,
0x00007f88458ac800, 0x00007f88458b3800, 0x00007f8844012800, 0x00007f8845919000,
0x00007f8845918000, 0x00007f88458b2000, 0x00007f8845008800, 0x00007f884591c000,
0x00007f88440bf000, 0x00007f8844819800, 0x00007f88450c5800, 0x00007f884490e800
}

Java Threads: ( => current thread )
  0x00007f8844818800 JavaThread "Reference Handler" daemon [_thread_blocked, id=16643, stack(0x000070000f3a7000,0x000070000f4a7000)]
  0x00007f88458ad800 JavaThread "Finalizer" daemon [_thread_blocked, id=16387, stack(0x000070000f4aa000,0x000070000f5aa000)]
  0x00007f88458b0000 JavaThread "Signal Dispatcher" daemon [_thread_blocked, id=22275, stack(0x000070000f6b3000,0x000070000f7b3000)]
  0x00007f88458ab800 JavaThread "Service Thread" daemon [_thread_blocked, id=43011, stack(0x000070000f7b6000,0x000070000f8b6000)]
  0x00007f88458ac800 JavaThread "C2 CompilerThread0" daemon [_thread_blocked, id=42755, stack(0x000070000f8b9000,0x000070000f9b9000)]
  0x00007f88458b3800 JavaThread "C1 CompilerThread0" daemon [_thread_blocked, id=23555, stack(0x000070000f9bc000,0x000070000fabc000)]
  0x00007f8844012800 JavaThread "Sweeper thread" daemon [_thread_blocked, id=24323, stack(0x000070000fabf000,0x000070000fbbf000)]
  0x00007f8845919000 JavaThread "JDWP Transport Listener: dt_socket" daemon [_thread_blocked, id=42243, stack(0x000070000fbc2000,0x000070000fcc2000)]
  0x00007f8845918000 JavaThread "JDWP Event Helper Thread" daemon [_thread_blocked, id=25347, stack(0x000070000fcc5000,0x000070000fdc5000)]
  0x00007f88458b2000 JavaThread "JDWP Command Reader" daemon [_thread_in_native, id=41731, stack(0x000070000fdc8000,0x000070000fec8000)]
  0x00007f8845008800 JavaThread "Notification Thread" daemon [_thread_blocked, id=41475, stack(0x000070000fecb000,0x000070000ffcb000)]
  0x00007f884591c000 JavaThread "Common-Cleaner" daemon [_thread_blocked, id=40963, stack(0x00007000100d1000,0x00007000101d1000)]
=>0x00007f88440bf000 JavaThread "jME3 Main" [_thread_in_native, id=28163, stack(0x00007000102d7000,0x00007000103d7000)]
  0x00007f8844819800 JavaThread "DestroyJavaVM" [_thread_blocked, id=10243, stack(0x000070000ec92000,0x000070000ed92000)]
  0x00007f88450c5800 JavaThread "AppKit Thread" daemon [_thread_in_native, id=775, stack(0x00007ffeea67b000,0x00007ffeeae7b000)]
  0x00007f884490e800 JavaThread "AWT-Shutdown" [_thread_blocked, id=43779, stack(0x00007000103da000,0x00007000104da000)]

Other Threads:
  0x00007f88458ab000 VMThread "VM Thread" [stack: 0x000070000f2a4000,0x000070000f3a4000] [id=13059]
  0x00007f8844021000 WatcherThread [stack: 0x000070000ffce000,0x00007000100ce000] [id=26883]
  0x00007f884582d000 GCTaskThread "GC Thread#0" [stack: 0x000070000ed95000,0x000070000ee95000] [id=12291]
  0x00007f884583e800 ConcurrentGCThread "G1 Main Marker" [stack: 0x000070000ee98000,0x000070000ef98000] [id=19715]
  0x00007f884583f000 ConcurrentGCThread "G1 Conc#0" [stack: 0x000070000ef9b000,0x000070000f09b000] [id=18947]
  0x00007f8845890000 ConcurrentGCThread "G1 Refine#0" [stack: 0x000070000f09e000,0x000070000f19e000] [id=18435]
  0x00007f8845890800 ConcurrentGCThread "G1 Young RemSet Sampling" [stack: 0x000070000f1a1000,0x000070000f2a1000] [id=17923]

Threads with active compile tasks:

VM state:not at safepoint (normal execution)

VM Mutex/Monitor currently owned by a thread: None

Heap address: 0x0000000780000000, size: 2048 MB, Compressed Oops mode: Zero based, Oop shift amount: 3
Narrow klass base: 0x0000000800000000, Narrow klass shift: 3
Compressed class space size: 1073741824 Address: 0x0000000800b03000

Heap:
 garbage-first heap   total 133120K, used 9008K [0x0000000780000000, 0x0000000800000000)
  region size 1024K, 9 young (9216K), 0 survivors (0K)
 Metaspace       used 3650K, capacity 6064K, committed 6272K, reserved 1056768K
  class space    used 356K, capacity 595K, committed 640K, reserved 1048576K
Heap Regions: E=young(eden), S=young(survivor), O=old, HS=humongous(starts), HC=humongous(continues), CS=collection set, F=free, OA=open archive, CA=closed archive, TAMS=top-at-mark-start (previous, next)
|   0|0x0000000780000000, 0x0000000780000000, 0x0000000780100000|  0%| F|  |TAMS 0x0000000780000000, 0x0000000780000000| Untracked 
|   1|0x0000000780100000, 0x0000000780100000, 0x0000000780200000|  0%| F|  |TAMS 0x0000000780100000, 0x0000000780100000| Untracked 
|   2|0x0000000780200000, 0x0000000780200000, 0x0000000780300000|  0%| F|  |TAMS 0x0000000780200000, 0x0000000780200000| Untracked 
|   3|0x0000000780300000, 0x0000000780300000, 0x0000000780400000|  0%| F|  |TAMS 0x0000000780300000, 0x0000000780300000| Untracked 
|   4|0x0000000780400000, 0x0000000780400000, 0x0000000780500000|  0%| F|  |TAMS 0x0000000780400000, 0x0000000780400000| Untracked 
|   5|0x0000000780500000, 0x0000000780500000, 0x0000000780600000|  0%| F|  |TAMS 0x0000000780500000, 0x0000000780500000| Untracked 
|   6|0x0000000780600000, 0x0000000780600000, 0x0000000780700000|  0%| F|  |TAMS 0x0000000780600000, 0x0000000780600000| Untracked 
|   7|0x0000000780700000, 0x0000000780700000, 0x0000000780800000|  0%| F|  |TAMS 0x0000000780700000, 0x0000000780700000| Untracked 
|   8|0x0000000780800000, 0x0000000780800000, 0x0000000780900000|  0%| F|  |TAMS 0x0000000780800000, 0x0000000780800000| Untracked 
|   9|0x0000000780900000, 0x0000000780900000, 0x0000000780a00000|  0%| F|  |TAMS 0x0000000780900000, 0x0000000780900000| Untracked 
|  10|0x0000000780a00000, 0x0000000780a00000, 0x0000000780b00000|  0%| F|  |TAMS 0x0000000780a00000, 0x0000000780a00000| Untracked 
|  11|0x0000000780b00000, 0x0000000780b00000, 0x0000000780c00000|  0%| F|  |TAMS 0x0000000780b00000, 0x0000000780b00000| Untracked 
|  12|0x0000000780c00000, 0x0000000780c00000, 0x0000000780d00000|  0%| F|  |TAMS 0x0000000780c00000, 0x0000000780c00000| Untracked 
|  13|0x0000000780d00000, 0x0000000780d00000, 0x0000000780e00000|  0%| F|  |TAMS 0x0000000780d00000, 0x0000000780d00000| Untracked 
|  14|0x0000000780e00000, 0x0000000780e00000, 0x0000000780f00000|  0%| F|  |TAMS 0x0000000780e00000, 0x0000000780e00000| Untracked 
|  15|0x0000000780f00000, 0x0000000780f00000, 0x0000000781000000|  0%| F|  |TAMS 0x0000000780f00000, 0x0000000780f00000| Untracked 
|  16|0x0000000781000000, 0x0000000781000000, 0x0000000781100000|  0%| F|  |TAMS 0x0000000781000000, 0x0000000781000000| Untracked 
|  17|0x0000000781100000, 0x0000000781100000, 0x0000000781200000|  0%| F|  |TAMS 0x0000000781100000, 0x0000000781100000| Untracked 
|  18|0x0000000781200000, 0x0000000781200000, 0x0000000781300000|  0%| F|  |TAMS 0x0000000781200000, 0x0000000781200000| Untracked 
|  19|0x0000000781300000, 0x0000000781300000, 0x0000000781400000|  0%| F|  |TAMS 0x0000000781300000, 0x0000000781300000| Untracked 
|  20|0x0000000781400000, 0x0000000781400000, 0x0000000781500000|  0%| F|  |TAMS 0x0000000781400000, 0x0000000781400000| Untracked 
|  21|0x0000000781500000, 0x0000000781500000, 0x0000000781600000|  0%| F|  |TAMS 0x0000000781500000, 0x0000000781500000| Untracked 
|  22|0x0000000781600000, 0x0000000781600000, 0x0000000781700000|  0%| F|  |TAMS 0x0000000781600000, 0x0000000781600000| Untracked 
|  23|0x0000000781700000, 0x0000000781700000, 0x0000000781800000|  0%| F|  |TAMS 0x0000000781700000, 0x0000000781700000| Untracked 
|  24|0x0000000781800000, 0x0000000781800000, 0x0000000781900000|  0%| F|  |TAMS 0x0000000781800000, 0x0000000781800000| Untracked 
|  25|0x0000000781900000, 0x0000000781900000, 0x0000000781a00000|  0%| F|  |TAMS 0x0000000781900000, 0x0000000781900000| Untracked 
|  26|0x0000000781a00000, 0x0000000781a00000, 0x0000000781b00000|  0%| F|  |TAMS 0x0000000781a00000, 0x0000000781a00000| Untracked 
|  27|0x0000000781b00000, 0x0000000781b00000, 0x0000000781c00000|  0%| F|  |TAMS 0x0000000781b00000, 0x0000000781b00000| Untracked 
|  28|0x0000000781c00000, 0x0000000781c00000, 0x0000000781d00000|  0%| F|  |TAMS 0x0000000781c00000, 0x0000000781c00000| Untracked 
|  29|0x0000000781d00000, 0x0000000781d00000, 0x0000000781e00000|  0%| F|  |TAMS 0x0000000781d00000, 0x0000000781d00000| Untracked 
|  30|0x0000000781e00000, 0x0000000781e00000, 0x0000000781f00000|  0%| F|  |TAMS 0x0000000781e00000, 0x0000000781e00000| Untracked 
|  31|0x0000000781f00000, 0x0000000781f00000, 0x0000000782000000|  0%| F|  |TAMS 0x0000000781f00000, 0x0000000781f00000| Untracked 
|  32|0x0000000782000000, 0x0000000782000000, 0x0000000782100000|  0%| F|  |TAMS 0x0000000782000000, 0x0000000782000000| Untracked 
|  33|0x0000000782100000, 0x0000000782100000, 0x0000000782200000|  0%| F|  |TAMS 0x0000000782100000, 0x0000000782100000| Untracked 
|  34|0x0000000782200000, 0x0000000782200000, 0x0000000782300000|  0%| F|  |TAMS 0x0000000782200000, 0x0000000782200000| Untracked 
|  35|0x0000000782300000, 0x0000000782300000, 0x0000000782400000|  0%| F|  |TAMS 0x0000000782300000, 0x0000000782300000| Untracked 
|  36|0x0000000782400000, 0x0000000782400000, 0x0000000782500000|  0%| F|  |TAMS 0x0000000782400000, 0x0000000782400000| Untracked 
|  37|0x0000000782500000, 0x0000000782500000, 0x0000000782600000|  0%| F|  |TAMS 0x0000000782500000, 0x0000000782500000| Untracked 
|  38|0x0000000782600000, 0x0000000782600000, 0x0000000782700000|  0%| F|  |TAMS 0x0000000782600000, 0x0000000782600000| Untracked 
|  39|0x0000000782700000, 0x0000000782700000, 0x0000000782800000|  0%| F|  |TAMS 0x0000000782700000, 0x0000000782700000| Untracked 
|  40|0x0000000782800000, 0x0000000782800000, 0x0000000782900000|  0%| F|  |TAMS 0x0000000782800000, 0x0000000782800000| Untracked 
|  41|0x0000000782900000, 0x0000000782900000, 0x0000000782a00000|  0%| F|  |TAMS 0x0000000782900000, 0x0000000782900000| Untracked 
|  42|0x0000000782a00000, 0x0000000782a00000, 0x0000000782b00000|  0%| F|  |TAMS 0x0000000782a00000, 0x0000000782a00000| Untracked 
|  43|0x0000000782b00000, 0x0000000782b00000, 0x0000000782c00000|  0%| F|  |TAMS 0x0000000782b00000, 0x0000000782b00000| Untracked 
|  44|0x0000000782c00000, 0x0000000782c00000, 0x0000000782d00000|  0%| F|  |TAMS 0x0000000782c00000, 0x0000000782c00000| Untracked 
|  45|0x0000000782d00000, 0x0000000782d00000, 0x0000000782e00000|  0%| F|  |TAMS 0x0000000782d00000, 0x0000000782d00000| Untracked 
|  46|0x0000000782e00000, 0x0000000782e00000, 0x0000000782f00000|  0%| F|  |TAMS 0x0000000782e00000, 0x0000000782e00000| Untracked 
|  47|0x0000000782f00000, 0x0000000782f00000, 0x0000000783000000|  0%| F|  |TAMS 0x0000000782f00000, 0x0000000782f00000| Untracked 
|  48|0x0000000783000000, 0x0000000783000000, 0x0000000783100000|  0%| F|  |TAMS 0x0000000783000000, 0x0000000783000000| Untracked 
|  49|0x0000000783100000, 0x0000000783100000, 0x0000000783200000|  0%| F|  |TAMS 0x0000000783100000, 0x0000000783100000| Untracked 
|  50|0x0000000783200000, 0x0000000783200000, 0x0000000783300000|  0%| F|  |TAMS 0x0000000783200000, 0x0000000783200000| Untracked 
|  51|0x0000000783300000, 0x0000000783300000, 0x0000000783400000|  0%| F|  |TAMS 0x0000000783300000, 0x0000000783300000| Untracked 
|  52|0x0000000783400000, 0x0000000783400000, 0x0000000783500000|  0%| F|  |TAMS 0x0000000783400000, 0x0000000783400000| Untracked 
|  53|0x0000000783500000, 0x0000000783500000, 0x0000000783600000|  0%| F|  |TAMS 0x0000000783500000, 0x0000000783500000| Untracked 
|  54|0x0000000783600000, 0x0000000783600000, 0x0000000783700000|  0%| F|  |TAMS 0x0000000783600000, 0x0000000783600000| Untracked 
|  55|0x0000000783700000, 0x0000000783700000, 0x0000000783800000|  0%| F|  |TAMS 0x0000000783700000, 0x0000000783700000| Untracked 
|  56|0x0000000783800000, 0x0000000783800000, 0x0000000783900000|  0%| F|  |TAMS 0x0000000783800000, 0x0000000783800000| Untracked 
|  57|0x0000000783900000, 0x0000000783900000, 0x0000000783a00000|  0%| F|  |TAMS 0x0000000783900000, 0x0000000783900000| Untracked 
|  58|0x0000000783a00000, 0x0000000783a00000, 0x0000000783b00000|  0%| F|  |TAMS 0x0000000783a00000, 0x0000000783a00000| Untracked 
|  59|0x0000000783b00000, 0x0000000783b00000, 0x0000000783c00000|  0%| F|  |TAMS 0x0000000783b00000, 0x0000000783b00000| Untracked 
|  60|0x0000000783c00000, 0x0000000783c00000, 0x0000000783d00000|  0%| F|  |TAMS 0x0000000783c00000, 0x0000000783c00000| Untracked 
|  61|0x0000000783d00000, 0x0000000783d00000, 0x0000000783e00000|  0%| F|  |TAMS 0x0000000783d00000, 0x0000000783d00000| Untracked 
|  62|0x0000000783e00000, 0x0000000783e00000, 0x0000000783f00000|  0%| F|  |TAMS 0x0000000783e00000, 0x0000000783e00000| Untracked 
|  63|0x0000000783f00000, 0x0000000783f00000, 0x0000000784000000|  0%| F|  |TAMS 0x0000000783f00000, 0x0000000783f00000| Untracked 
|  64|0x0000000784000000, 0x0000000784000000, 0x0000000784100000|  0%| F|  |TAMS 0x0000000784000000, 0x0000000784000000| Untracked 
|  65|0x0000000784100000, 0x0000000784100000, 0x0000000784200000|  0%| F|  |TAMS 0x0000000784100000, 0x0000000784100000| Untracked 
|  66|0x0000000784200000, 0x0000000784200000, 0x0000000784300000|  0%| F|  |TAMS 0x0000000784200000, 0x0000000784200000| Untracked 
|  67|0x0000000784300000, 0x0000000784300000, 0x0000000784400000|  0%| F|  |TAMS 0x0000000784300000, 0x0000000784300000| Untracked 
|  68|0x0000000784400000, 0x0000000784400000, 0x0000000784500000|  0%| F|  |TAMS 0x0000000784400000, 0x0000000784400000| Untracked 
|  69|0x0000000784500000, 0x0000000784500000, 0x0000000784600000|  0%| F|  |TAMS 0x0000000784500000, 0x0000000784500000| Untracked 
|  70|0x0000000784600000, 0x0000000784600000, 0x0000000784700000|  0%| F|  |TAMS 0x0000000784600000, 0x0000000784600000| Untracked 
|  71|0x0000000784700000, 0x0000000784700000, 0x0000000784800000|  0%| F|  |TAMS 0x0000000784700000, 0x0000000784700000| Untracked 
|  72|0x0000000784800000, 0x0000000784800000, 0x0000000784900000|  0%| F|  |TAMS 0x0000000784800000, 0x0000000784800000| Untracked 
|  73|0x0000000784900000, 0x0000000784900000, 0x0000000784a00000|  0%| F|  |TAMS 0x0000000784900000, 0x0000000784900000| Untracked 
|  74|0x0000000784a00000, 0x0000000784a00000, 0x0000000784b00000|  0%| F|  |TAMS 0x0000000784a00000, 0x0000000784a00000| Untracked 
|  75|0x0000000784b00000, 0x0000000784b00000, 0x0000000784c00000|  0%| F|  |TAMS 0x0000000784b00000, 0x0000000784b00000| Untracked 
|  76|0x0000000784c00000, 0x0000000784c00000, 0x0000000784d00000|  0%| F|  |TAMS 0x0000000784c00000, 0x0000000784c00000| Untracked 
|  77|0x0000000784d00000, 0x0000000784d00000, 0x0000000784e00000|  0%| F|  |TAMS 0x0000000784d00000, 0x0000000784d00000| Untracked 
|  78|0x0000000784e00000, 0x0000000784e00000, 0x0000000784f00000|  0%| F|  |TAMS 0x0000000784e00000, 0x0000000784e00000| Untracked 
|  79|0x0000000784f00000, 0x0000000784f00000, 0x0000000785000000|  0%| F|  |TAMS 0x0000000784f00000, 0x0000000784f00000| Untracked 
|  80|0x0000000785000000, 0x0000000785000000, 0x0000000785100000|  0%| F|  |TAMS 0x0000000785000000, 0x0000000785000000| Untracked 
|  81|0x0000000785100000, 0x0000000785100000, 0x0000000785200000|  0%| F|  |TAMS 0x0000000785100000, 0x0000000785100000| Untracked 
|  82|0x0000000785200000, 0x0000000785200000, 0x0000000785300000|  0%| F|  |TAMS 0x0000000785200000, 0x0000000785200000| Untracked 
|  83|0x0000000785300000, 0x0000000785300000, 0x0000000785400000|  0%| F|  |TAMS 0x0000000785300000, 0x0000000785300000| Untracked 
|  84|0x0000000785400000, 0x0000000785400000, 0x0000000785500000|  0%| F|  |TAMS 0x0000000785400000, 0x0000000785400000| Untracked 
|  85|0x0000000785500000, 0x0000000785500000, 0x0000000785600000|  0%| F|  |TAMS 0x0000000785500000, 0x0000000785500000| Untracked 
|  86|0x0000000785600000, 0x0000000785600000, 0x0000000785700000|  0%| F|  |TAMS 0x0000000785600000, 0x0000000785600000| Untracked 
|  87|0x0000000785700000, 0x0000000785700000, 0x0000000785800000|  0%| F|  |TAMS 0x0000000785700000, 0x0000000785700000| Untracked 
|  88|0x0000000785800000, 0x0000000785800000, 0x0000000785900000|  0%| F|  |TAMS 0x0000000785800000, 0x0000000785800000| Untracked 
|  89|0x0000000785900000, 0x0000000785900000, 0x0000000785a00000|  0%| F|  |TAMS 0x0000000785900000, 0x0000000785900000| Untracked 
|  90|0x0000000785a00000, 0x0000000785a00000, 0x0000000785b00000|  0%| F|  |TAMS 0x0000000785a00000, 0x0000000785a00000| Untracked 
|  91|0x0000000785b00000, 0x0000000785b00000, 0x0000000785c00000|  0%| F|  |TAMS 0x0000000785b00000, 0x0000000785b00000| Untracked 
|  92|0x0000000785c00000, 0x0000000785c00000, 0x0000000785d00000|  0%| F|  |TAMS 0x0000000785c00000, 0x0000000785c00000| Untracked 
|  93|0x0000000785d00000, 0x0000000785d00000, 0x0000000785e00000|  0%| F|  |TAMS 0x0000000785d00000, 0x0000000785d00000| Untracked 
|  94|0x0000000785e00000, 0x0000000785e00000, 0x0000000785f00000|  0%| F|  |TAMS 0x0000000785e00000, 0x0000000785e00000| Untracked 
|  95|0x0000000785f00000, 0x0000000785f00000, 0x0000000786000000|  0%| F|  |TAMS 0x0000000785f00000, 0x0000000785f00000| Untracked 
|  96|0x0000000786000000, 0x0000000786000000, 0x0000000786100000|  0%| F|  |TAMS 0x0000000786000000, 0x0000000786000000| Untracked 
|  97|0x0000000786100000, 0x0000000786100000, 0x0000000786200000|  0%| F|  |TAMS 0x0000000786100000, 0x0000000786100000| Untracked 
|  98|0x0000000786200000, 0x0000000786200000, 0x0000000786300000|  0%| F|  |TAMS 0x0000000786200000, 0x0000000786200000| Untracked 
|  99|0x0000000786300000, 0x0000000786300000, 0x0000000786400000|  0%| F|  |TAMS 0x0000000786300000, 0x0000000786300000| Untracked 
| 100|0x0000000786400000, 0x0000000786400000, 0x0000000786500000|  0%| F|  |TAMS 0x0000000786400000, 0x0000000786400000| Untracked 
| 101|0x0000000786500000, 0x0000000786500000, 0x0000000786600000|  0%| F|  |TAMS 0x0000000786500000, 0x0000000786500000| Untracked 
| 102|0x0000000786600000, 0x0000000786600000, 0x0000000786700000|  0%| F|  |TAMS 0x0000000786600000, 0x0000000786600000| Untracked 
| 103|0x0000000786700000, 0x0000000786700000, 0x0000000786800000|  0%| F|  |TAMS 0x0000000786700000, 0x0000000786700000| Untracked 
| 104|0x0000000786800000, 0x0000000786800000, 0x0000000786900000|  0%| F|  |TAMS 0x0000000786800000, 0x0000000786800000| Untracked 
| 105|0x0000000786900000, 0x0000000786900000, 0x0000000786a00000|  0%| F|  |TAMS 0x0000000786900000, 0x0000000786900000| Untracked 
| 106|0x0000000786a00000, 0x0000000786a00000, 0x0000000786b00000|  0%| F|  |TAMS 0x0000000786a00000, 0x0000000786a00000| Untracked 
| 107|0x0000000786b00000, 0x0000000786b00000, 0x0000000786c00000|  0%| F|  |TAMS 0x0000000786b00000, 0x0000000786b00000| Untracked 
| 108|0x0000000786c00000, 0x0000000786c00000, 0x0000000786d00000|  0%| F|  |TAMS 0x0000000786c00000, 0x0000000786c00000| Untracked 
| 109|0x0000000786d00000, 0x0000000786d00000, 0x0000000786e00000|  0%| F|  |TAMS 0x0000000786d00000, 0x0000000786d00000| Untracked 
| 110|0x0000000786e00000, 0x0000000786e00000, 0x0000000786f00000|  0%| F|  |TAMS 0x0000000786e00000, 0x0000000786e00000| Untracked 
| 111|0x0000000786f00000, 0x0000000786f00000, 0x0000000787000000|  0%| F|  |TAMS 0x0000000786f00000, 0x0000000786f00000| Untracked 
| 112|0x0000000787000000, 0x0000000787000000, 0x0000000787100000|  0%| F|  |TAMS 0x0000000787000000, 0x0000000787000000| Untracked 
| 113|0x0000000787100000, 0x0000000787100000, 0x0000000787200000|  0%| F|  |TAMS 0x0000000787100000, 0x0000000787100000| Untracked 
| 114|0x0000000787200000, 0x0000000787200000, 0x0000000787300000|  0%| F|  |TAMS 0x0000000787200000, 0x0000000787200000| Untracked 
| 115|0x0000000787300000, 0x0000000787300000, 0x0000000787400000|  0%| F|  |TAMS 0x0000000787300000, 0x0000000787300000| Untracked 
| 116|0x0000000787400000, 0x0000000787400000, 0x0000000787500000|  0%| F|  |TAMS 0x0000000787400000, 0x0000000787400000| Untracked 
| 117|0x0000000787500000, 0x0000000787500000, 0x0000000787600000|  0%| F|  |TAMS 0x0000000787500000, 0x0000000787500000| Untracked 
| 118|0x0000000787600000, 0x0000000787600000, 0x0000000787700000|  0%| F|  |TAMS 0x0000000787600000, 0x0000000787600000| Untracked 
| 119|0x0000000787700000, 0x00000007877c93a0, 0x0000000787800000| 78%| E|  |TAMS 0x0000000787700000, 0x0000000787700000| Complete 
| 120|0x0000000787800000, 0x0000000787900000, 0x0000000787900000|100%| E|CS|TAMS 0x0000000787800000, 0x0000000787800000| Complete 
| 121|0x0000000787900000, 0x0000000787a00000, 0x0000000787a00000|100%| E|CS|TAMS 0x0000000787900000, 0x0000000787900000| Complete 
| 122|0x0000000787a00000, 0x0000000787b00000, 0x0000000787b00000|100%| E|CS|TAMS 0x0000000787a00000, 0x0000000787a00000| Complete 
| 123|0x0000000787b00000, 0x0000000787c00000, 0x0000000787c00000|100%| E|CS|TAMS 0x0000000787b00000, 0x0000000787b00000| Complete 
| 124|0x0000000787c00000, 0x0000000787d00000, 0x0000000787d00000|100%| E|CS|TAMS 0x0000000787c00000, 0x0000000787c00000| Complete 
| 125|0x0000000787d00000, 0x0000000787e00000, 0x0000000787e00000|100%| E|CS|TAMS 0x0000000787d00000, 0x0000000787d00000| Complete 
| 126|0x0000000787e00000, 0x0000000787f00000, 0x0000000787f00000|100%| E|CS|TAMS 0x0000000787e00000, 0x0000000787e00000| Complete 
| 127|0x0000000787f00000, 0x0000000788000000, 0x0000000788000000|100%| E|CS|TAMS 0x0000000787f00000, 0x0000000787f00000| Complete 
|1022|0x00000007bfe00000, 0x00000007bfe51000, 0x00000007bff00000| 31%|OA|  |TAMS 0x00000007bfe00000, 0x00000007bfe00000| Untracked 
|1023|0x00000007bff00000, 0x00000007bff7b000, 0x00000007c0000000| 48%|CA|  |TAMS 0x00000007bff00000, 0x00000007bff00000| Untracked 

Card table byte_map: [0x00000001069fe000,0x0000000106dfe000] _byte_map_base: 0x0000000102dfe000

Marking Bits (Prev, Next): (CMBitMap*) 0x00007f884582dc18, (CMBitMap*) 0x00007f884582dc58
 Prev Bits: [0x00000001071fe000, 0x00000001091fe000)
 Next Bits: [0x00000001091fe000, 0x000000010b1fe000)

Polling page: 0x0000000104dbe000

Metaspace:

Usage:
  Non-class:      5.34 MB capacity,     3.22 MB ( 60%) used,     2.11 MB ( 40%) free+waste,     9.94 KB ( <1%) overhead. 
      Class:    595.00 KB capacity,   356.99 KB ( 60%) used,   232.82 KB ( 39%) free+waste,     5.19 KB ( <1%) overhead. 
       Both:      5.92 MB capacity,     3.57 MB ( 60%) used,     2.34 MB ( 40%) free+waste,    15.12 KB ( <1%) overhead. 

Virtual space:
  Non-class space:        8.00 MB reserved,       5.50 MB ( 69%) committed 
      Class space:        1.00 GB reserved,     640.00 KB ( <1%) committed 
             Both:        1.01 GB reserved,       6.12 MB ( <1%) committed 

Chunk freelists:
   Non-Class:  15.00 KB
       Class:  1.00 KB
        Both:  16.00 KB

MaxMetaspaceSize: unlimited
CompressedClassSpaceSize: 1.00 GB

CodeHeap 'non-profiled nmethods': size=120032Kb used=223Kb max_used=223Kb free=119808Kb
 bounds [0x000000011ba9d000, 0x000000011bd0d000, 0x0000000122fd5000]
CodeHeap 'profiled nmethods': size=120028Kb used=1205Kb max_used=1205Kb free=118823Kb
 bounds [0x0000000114566000, 0x00000001147d6000, 0x000000011ba9d000]
CodeHeap 'non-nmethods': size=5700Kb used=1247Kb max_used=1259Kb free=4452Kb
 bounds [0x0000000113fd5000, 0x0000000114245000, 0x0000000114566000]
 total_blobs=1264 nmethods=674 adapters=354
 compilation: enabled
              stopped_count=0, restarted_count=0
 full_count=0

Compilation events (20 events):
Event: 1.107 Thread 0x00007f88458b3800  662       1       java.lang.reflect.Field::getType (5 bytes)
Event: 1.107 Thread 0x00007f88458b3800 nmethod 662 0x000000011bad4090 code [0x000000011bad4220, 0x000000011bad42f0]
Event: 1.107 Thread 0x00007f88458b3800  663       3       java.lang.Integer::valueOf (32 bytes)
Event: 1.107 Thread 0x00007f88458b3800 nmethod 663 0x000000011468ee10 code [0x000000011468efc0, 0x000000011468f2d0]
Event: 1.108 Thread 0x00007f88458b3800  665       3       java.lang.reflect.Field::setFieldAccessor (34 bytes)
Event: 1.108 Thread 0x00007f88458b3800 nmethod 665 0x000000011468f410 code [0x000000011468f5e0, 0x000000011468fa60]
Event: 1.108 Thread 0x00007f88458b3800  667       3       java.util.WeakHashMap::remove (133 bytes)
Event: 1.109 Thread 0x00007f88458b3800 nmethod 667 0x000000011468fb90 code [0x000000011468fdc0, 0x0000000114690940]
Event: 1.109 Thread 0x00007f88458b3800  666       3       java.util.Collections$SetFromMap::remove (19 bytes)
Event: 1.109 Thread 0x00007f88458b3800 nmethod 666 0x0000000114690d90 code [0x0000000114690f40, 0x00000001146911a0]
Event: 1.109 Thread 0x00007f88458b3800  664       1       java.lang.reflect.Field::getRoot (5 bytes)
Event: 1.109 Thread 0x00007f88458b3800 nmethod 664 0x000000011bad4390 code [0x000000011bad4520, 0x000000011bad45f0]
Event: 1.122 Thread 0x00007f88458b3800  668       3       java.nio.Buffer::remaining (10 bytes)
Event: 1.123 Thread 0x00007f88458b3800 nmethod 668 0x0000000114691290 code [0x0000000114691420, 0x0000000114691530]
Event: 1.123 Thread 0x00007f88458b3800  670   !   3       java.util.zip.ZipFile$ZipFileInputStream::close (59 bytes)
Event: 1.124 Thread 0x00007f88458b3800 nmethod 670 0x0000000114691590 code [0x0000000114691740, 0x0000000114691be0]
Event: 1.126 Thread 0x00007f88458b3800  671       3       java.io.RandomAccessFile::seek (22 bytes)
Event: 1.126 Thread 0x00007f88458b3800 nmethod 671 0x0000000114691e10 code [0x0000000114691fc0, 0x0000000114692250]
Event: 1.127 Thread 0x00007f88458b3800  672       3       java.io.UnixFileSystem::getBooleanAttributes (49 bytes)
Event: 1.128 Thread 0x00007f88458b3800 nmethod 672 0x0000000114692390 code [0x00000001146925c0, 0x0000000114692d70]

GC Heap History (0 events):
No events

Deoptimization events (20 events):
Event: 0.194 Thread 0x00007f8844011800 DEOPT PACKING pc=0x0000000114579d19 sp=0x000070000ed8efb0
Event: 0.194 Thread 0x00007f8844011800 DEOPT UNPACKING pc=0x000000011401e33a sp=0x000070000ed8e470 mode 0
Event: 0.195 Thread 0x00007f8844011800 DEOPT PACKING pc=0x0000000114579d19 sp=0x000070000ed8efb0
Event: 0.195 Thread 0x00007f8844011800 DEOPT UNPACKING pc=0x000000011401e33a sp=0x000070000ed8e470 mode 0
Event: 0.498 Thread 0x00007f8844011800 Uncommon trap: trap_request=0xffffff45 fr.pc=0x000000011baa206c relative=0x000000000000006c
Event: 0.498 Thread 0x00007f8844011800 Uncommon trap: reason=unstable_if action=reinterpret pc=0x000000011baa206c method=java.lang.String.isLatin1()Z @ 10 c2
Event: 0.498 Thread 0x00007f8844011800 DEOPT PACKING pc=0x000000011baa206c sp=0x000070000ed91040
Event: 0.498 Thread 0x00007f8844011800 DEOPT UNPACKING pc=0x000000011401de25 sp=0x000070000ed91000 mode 2
Event: 0.506 Thread 0x00007f8844011800 DEOPT PACKING pc=0x000000011458c7ea sp=0x000070000ed904b0
Event: 0.506 Thread 0x00007f8844011800 DEOPT UNPACKING pc=0x000000011401e33a sp=0x000070000ed8f958 mode 0
Event: 0.599 Thread 0x00007f8844011800 Uncommon trap: trap_request=0xffffffc6 fr.pc=0x000000011bac379c relative=0x0000000000000b9c
Event: 0.599 Thread 0x00007f8844011800 Uncommon trap: reason=bimorphic_or_optimized_type_check action=maybe_recompile pc=0x000000011bac379c method=java.util.HashMap.putVal(ILjava/lang/Object;Ljava/lang/Object;ZZ)Ljava/lang/Object; @ 152 c2
Event: 0.599 Thread 0x00007f8844011800 DEOPT PACKING pc=0x000000011bac379c sp=0x000070000ed8d440
Event: 0.599 Thread 0x00007f8844011800 DEOPT UNPACKING pc=0x000000011401de25 sp=0x000070000ed8d3d0 mode 2
Event: 0.599 Thread 0x00007f8844011800 DEOPT PACKING pc=0x0000000114584caf sp=0x000070000ed8d740
Event: 0.599 Thread 0x00007f8844011800 DEOPT UNPACKING pc=0x000000011401e33a sp=0x000070000ed8cbe8 mode 0
Event: 0.611 Thread 0x00007f8844011800 Uncommon trap: trap_request=0xffffff45 fr.pc=0x000000011bac374c relative=0x0000000000000b4c
Event: 0.611 Thread 0x00007f8844011800 Uncommon trap: reason=unstable_if action=reinterpret pc=0x000000011bac374c method=java.util.HashMap.putVal(ILjava/lang/Object;Ljava/lang/Object;ZZ)Ljava/lang/Object; @ 181 c2
Event: 0.611 Thread 0x00007f8844011800 DEOPT PACKING pc=0x000000011bac374c sp=0x000070000ed915d0
Event: 0.611 Thread 0x00007f8844011800 DEOPT UNPACKING pc=0x000000011401de25 sp=0x000070000ed915b0 mode 2

Classes unloaded (0 events):
No events

Classes redefined (0 events):
No events

Internal exceptions (5 events):
Event: 0.461 Thread 0x00007f8844011800 Exception <a 'java/lang/ClassNotFoundException'{0x0000000787b69f18}: sun/util/logging/resources/spi/loggingProvider> (0x0000000787b69f18) 
thrown [/scratch/mesos/slaves/7cfa21b9-afde-4338-a459-d3e0a13ec793-S740/frameworks/1735e8a2-a1db-478c-8104-60c8b0af87dd-0196/executors/de7b74e7-4747-4705-830f-bc849aa2c2fa/runs/c05fff86-f66c-4825-8643-654ca1c755a8/workspace/open/src/hotspot/share/classfile/systemDictionary.cpp, line 226]
Event: 0.636 Thread 0x00007f88440bf000 Exception <a 'java/lang/ClassNotFoundException'{0x000000078780b718}: sun/awt/resources/spi/awtProvider> (0x000000078780b718) 
thrown [/scratch/mesos/slaves/7cfa21b9-afde-4338-a459-d3e0a13ec793-S740/frameworks/1735e8a2-a1db-478c-8104-60c8b0af87dd-0196/executors/de7b74e7-4747-4705-830f-bc849aa2c2fa/runs/c05fff86-f66c-4825-8643-654ca1c755a8/workspace/open/src/hotspot/share/classfile/systemDictionary.cpp, line 226]
Event: 0.646 Thread 0x00007f88440bf000 Exception <a 'java/io/FileNotFoundException'{0x0000000787810180}> (0x0000000787810180) 
thrown [/scratch/mesos/slaves/7cfa21b9-afde-4338-a459-d3e0a13ec793-S740/frameworks/1735e8a2-a1db-478c-8104-60c8b0af87dd-0196/executors/de7b74e7-4747-4705-830f-bc849aa2c2fa/runs/c05fff86-f66c-4825-8643-654ca1c755a8/workspace/open/src/hotspot/share/prims/jni.cpp, line 599]
Event: 0.657 Thread 0x00007f88440bf000 Exception <a 'java/io/FileNotFoundException'{0x00000007878363b8}> (0x00000007878363b8) 
thrown [/scratch/mesos/slaves/7cfa21b9-afde-4338-a459-d3e0a13ec793-S740/frameworks/1735e8a2-a1db-478c-8104-60c8b0af87dd-0196/executors/de7b74e7-4747-4705-830f-bc849aa2c2fa/runs/c05fff86-f66c-4825-8643-654ca1c755a8/workspace/open/src/hotspot/share/prims/jni.cpp, line 599]
Event: 0.664 Thread 0x00007f88440bf000 Exception <a 'java/lang/ClassNotFoundException'{0x0000000787839e88}: sun/awt/resources/spi/awtosxProvider> (0x0000000787839e88) 
thrown [/scratch/mesos/slaves/7cfa21b9-afde-4338-a459-d3e0a13ec793-S740/frameworks/1735e8a2-a1db-478c-8104-60c8b0af87dd-0196/executors/de7b74e7-4747-4705-830f-bc849aa2c2fa/runs/c05fff86-f66c-4825-8643-654ca1c755a8/workspace/open/src/hotspot/share/classfile/systemDictionary.cpp, line 226]

Events (20 events):
Event: 1.071 loading class jdk/internal/access/foreign/MemorySegmentProxy
Event: 1.072 loading class jdk/internal/access/foreign/MemorySegmentProxy done
Event: 1.074 loading class java/nio/StringCharBuffer
Event: 1.074 loading class java/nio/StringCharBuffer done
Event: 1.096 Executing VM operation: HandshakeOneThread
Event: 1.098 Executing VM operation: HandshakeOneThread done
Event: 1.100 loading class java/awt/IllegalComponentStateException
Event: 1.100 loading class java/awt/IllegalComponentStateException done
Event: 1.100 loading class java/awt/Point
Event: 1.100 loading class java/awt/geom/Point2D
Event: 1.100 loading class java/awt/geom/Point2D done
Event: 1.100 loading class java/awt/Point done
Event: 1.100 loading class java/awt/GraphicsConfiguration
Event: 1.100 loading class java/awt/GraphicsConfiguration done
Event: 1.103 loading class java/util/LinkedHashSet
Event: 1.103 loading class java/util/LinkedHashSet done
Event: 1.104 loading class jdk/internal/reflect/UnsafeQualifiedStaticIntegerFieldAccessorImpl
Event: 1.104 loading class jdk/internal/reflect/UnsafeQualifiedStaticIntegerFieldAccessorImpl done
Event: 1.128 loading class java/lang/NumberFormatException
Event: 1.128 loading class java/lang/NumberFormatException done


Dynamic libraries:
0x00007fff68d88000 	/usr/lib/libz.1.dylib
0x0000000104d93000 	/Library/Java/JavaVirtualMachines/openjdk-14.jdk/Contents/Home/lib/libjli.dylib
0x00007fff2e948000 	/System/Library/Frameworks/Cocoa.framework/Versions/A/Cocoa
0x00007fff3c130000 	/System/Library/Frameworks/Security.framework/Versions/A/Security
0x00007fff2d8af000 	/System/Library/Frameworks/ApplicationServices.framework/Versions/A/ApplicationServices
0x00007fff6684c000 	/usr/lib/libSystem.B.dylib
0x00007fff69648000 	/usr/lib/system/libcache.dylib
0x00007fff6964e000 	/usr/lib/system/libcommonCrypto.dylib
0x00007fff6965a000 	/usr/lib/system/libcompiler_rt.dylib
0x00007fff69662000 	/usr/lib/system/libcopyfile.dylib
0x00007fff6966c000 	/usr/lib/system/libcorecrypto.dylib
0x00007fff6980b000 	/usr/lib/system/libdispatch.dylib
0x00007fff6984c000 	/usr/lib/system/libdyld.dylib
0x00007fff69883000 	/usr/lib/system/libkeymgr.dylib
0x00007fff69891000 	/usr/lib/system/liblaunch.dylib
0x00007fff69892000 	/usr/lib/system/libmacho.dylib
0x00007fff69898000 	/usr/lib/system/libquarantine.dylib
0x00007fff6989b000 	/usr/lib/system/libremovefile.dylib
0x00007fff6989d000 	/usr/lib/system/libsystem_asl.dylib
0x00007fff698b5000 	/usr/lib/system/libsystem_blocks.dylib
0x00007fff698b6000 	/usr/lib/system/libsystem_c.dylib
0x00007fff6993e000 	/usr/lib/system/libsystem_configuration.dylib
0x00007fff69942000 	/usr/lib/system/libsystem_coreservices.dylib
0x00007fff69946000 	/usr/lib/system/libsystem_darwin.dylib
0x00007fff6994f000 	/usr/lib/system/libsystem_dnssd.dylib
0x00007fff69957000 	/usr/lib/system/libsystem_featureflags.dylib
0x00007fff69959000 	/usr/lib/system/libsystem_info.dylib
0x00007fff699d4000 	/usr/lib/system/libsystem_m.dylib
0x00007fff69a1c000 	/usr/lib/system/libsystem_malloc.dylib
0x00007fff69a44000 	/usr/lib/system/libsystem_networkextension.dylib
0x00007fff69a52000 	/usr/lib/system/libsystem_notify.dylib
0x00007fff69a70000 	/usr/lib/system/libsystem_sandbox.dylib
0x00007fff69a75000 	/usr/lib/system/libsystem_secinit.dylib
0x00007fff699a7000 	/usr/lib/system/libsystem_kernel.dylib
0x00007fff69a5c000 	/usr/lib/system/libsystem_platform.dylib
0x00007fff69a65000 	/usr/lib/system/libsystem_pthread.dylib
0x00007fff69a78000 	/usr/lib/system/libsystem_symptoms.dylib
0x00007fff69a80000 	/usr/lib/system/libsystem_trace.dylib
0x00007fff69a98000 	/usr/lib/system/libunwind.dylib
0x00007fff69a9e000 	/usr/lib/system/libxpc.dylib
0x00007fff686ac000 	/usr/lib/libobjc.A.dylib
0x00007fff66b85000 	/usr/lib/libc++abi.dylib
0x00007fff66b32000 	/usr/lib/libc++.1.dylib
0x00007fff2f7e8000 	/System/Library/Frameworks/CoreFoundation.framework/Versions/A/CoreFoundation
0x00007fff31ea2000 	/System/Library/Frameworks/Foundation.framework/Versions/C/Foundation
0x00007fff2ca9f000 	/System/Library/Frameworks/AppKit.framework/Versions/C/AppKit
0x00007fff2f2cc000 	/System/Library/Frameworks/CoreData.framework/Versions/A/CoreData
0x00007fff60867000 	/System/Library/PrivateFrameworks/UIFoundation.framework/Versions/A/UIFoundation
0x00007fff5b90b000 	/System/Library/PrivateFrameworks/RemoteViewServices.framework/Versions/A/RemoteViewServices
0x00007fff633bc000 	/System/Library/PrivateFrameworks/XCTTargetBootstrap.framework/Versions/A/XCTTargetBootstrap
0x00007fff2f6b7000 	/System/Library/Frameworks/CoreDisplay.framework/Versions/A/CoreDisplay
0x00007fff34d5d000 	/System/Library/Frameworks/Metal.framework/Versions/A/Metal
0x00007fff49917000 	/System/Library/PrivateFrameworks/DesktopServicesPriv.framework/Versions/A/DesktopServicesPriv
0x00007fff67987000 	/usr/lib/liblangid.dylib
0x00007fff48baf000 	/System/Library/PrivateFrameworks/CoreSVG.framework/Versions/A/CoreSVG
0x00007fff5ea64000 	/System/Library/PrivateFrameworks/SkyLight.framework/Versions/A/SkyLight
0x00007fff2fc69000 	/System/Library/Frameworks/CoreGraphics.framework/Versions/A/CoreGraphics
0x00007fff2b473000 	/System/Library/Frameworks/Accelerate.framework/Versions/A/Accelerate
0x00007fff68c79000 	/usr/lib/libxml2.2.dylib
0x00007fff548a4000 	/System/Library/PrivateFrameworks/IconServices.framework/Versions/A/IconServices
0x00007fff32681000 	/System/Library/Frameworks/IOSurface.framework/Versions/A/IOSurface
0x00007fff66376000 	/usr/lib/libDiagnosticMessagesClient.dylib
0x00007fff49771000 	/System/Library/PrivateFrameworks/DFRFoundation.framework/Versions/A/DFRFoundation
0x00007fff67716000 	/usr/lib/libicucore.A.dylib
0x00007fff2dbe1000 	/System/Library/Frameworks/AudioToolbox.framework/Versions/A/AudioToolbox
0x00007fff2dcc4000 	/System/Library/Frameworks/AudioUnit.framework/Versions/A/AudioUnit
0x00007fff66a4e000 	/usr/lib/libauto.dylib
0x00007fff49813000 	/System/Library/PrivateFrameworks/DataDetectorsCore.framework/Versions/A/DataDetectorsCore
0x00007fff2e469000 	/System/Library/Frameworks/Carbon.framework/Versions/A/Frameworks/HIToolbox.framework/Versions/A/HIToolbox
0x00007fff3b32d000 	/System/Library/Frameworks/QuartzCore.framework/Versions/A/QuartzCore
0x00007fff2e7a8000 	/System/Library/Frameworks/Carbon.framework/Versions/A/Frameworks/SpeechRecognition.framework/Versions/A/SpeechRecognition
0x00007fff49288000 	/System/Library/PrivateFrameworks/CoreUI.framework/Versions/A/CoreUI
0x00007fff2ed37000 	/System/Library/Frameworks/CoreAudio.framework/Versions/A/CoreAudio
0x00007fff31b63000 	/System/Library/Frameworks/DiskArbitration.framework/Versions/A/DiskArbitration
0x00007fff568f2000 	/System/Library/PrivateFrameworks/MultitouchSupport.framework/Versions/A/MultitouchSupport
0x00007fff675dd000 	/usr/lib/libenergytrace.dylib
0x00007fff325db000 	/System/Library/Frameworks/IOKit.framework/Versions/A/IOKit
0x00007fff30bcf000 	/System/Library/Frameworks/CoreServices.framework/Versions/A/CoreServices
0x00007fff58aa1000 	/System/Library/PrivateFrameworks/PerformanceAnalysis.framework/Versions/A/PerformanceAnalysis
0x00007fff3a360000 	/System/Library/Frameworks/OpenGL.framework/Versions/A/OpenGL
0x00007fff2e956000 	/System/Library/Frameworks/ColorSync.framework/Versions/A/ColorSync
0x00007fff302eb000 	/System/Library/Frameworks/CoreImage.framework/Versions/A/CoreImage
0x00007fff31642000 	/System/Library/Frameworks/CoreText.framework/Versions/A/CoreText
0x00007fff32711000 	/System/Library/Frameworks/ImageIO.framework/Versions/A/ImageIO
0x00007fff66bae000 	/usr/lib/libcompression.dylib
0x00007fff666ba000 	/usr/lib/libMobileGestalt.dylib
0x00007fff605dc000 	/System/Library/PrivateFrameworks/TextureIO.framework/Versions/A/TextureIO
0x00007fff669b1000 	/usr/lib/libate.dylib
0x00007fff54aad000 	/System/Library/PrivateFrameworks/InternationalSupport.framework/Versions/A/InternationalSupport
0x00007fff67989000 	/usr/lib/liblzma.5.dylib
0x00007fff67604000 	/usr/lib/libfakelink.dylib
0x00007fff6693e000 	/usr/lib/libarchive.2.dylib
0x00007fff3d1e1000 	/System/Library/Frameworks/SystemConfiguration.framework/Versions/A/SystemConfiguration
0x00007fff662a9000 	/usr/lib/libCRFSuite.dylib
0x00007fff2e05a000 	/System/Library/Frameworks/CFNetwork.framework/Versions/A/CFNetwork
0x00007fff66b14000 	/usr/lib/libbsm.0.dylib
0x00007fff69884000 	/usr/lib/system/libkxld.dylib
0x00007fff430fd000 	/System/Library/PrivateFrameworks/AppleFSCompression.framework/Versions/A/AppleFSCompression
0x00007fff66e9f000 	/usr/lib/libcoretls.dylib
0x00007fff66eb6000 	/usr/lib/libcoretls_cfhelpers.dylib
0x00007fff686f2000 	/usr/lib/libpam.2.dylib
0x00007fff68827000 	/usr/lib/libsqlite3.dylib
0x00007fff68c66000 	/usr/lib/libxar.1.dylib
0x00007fff66b25000 	/usr/lib/libbz2.1.0.dylib
0x00007fff67625000 	/usr/lib/libiconv.2.dylib
0x00007fff66b9b000 	/usr/lib/libcharset.1.dylib
0x00007fff6818f000 	/usr/lib/libnetwork.dylib
0x00007fff686f9000 	/usr/lib/libpcap.A.dylib
0x00007fff668f3000 	/usr/lib/libapple_nghttp2.dylib
0x00007fff30f86000 	/System/Library/Frameworks/CoreServices.framework/Versions/A/Frameworks/FSEvents.framework/Versions/A/FSEvents
0x00007fff30c56000 	/System/Library/Frameworks/CoreServices.framework/Versions/A/Frameworks/CarbonCore.framework/Versions/A/CarbonCore
0x00007fff311ca000 	/System/Library/Frameworks/CoreServices.framework/Versions/A/Frameworks/Metadata.framework/Versions/A/Metadata
0x00007fff31263000 	/System/Library/Frameworks/CoreServices.framework/Versions/A/Frameworks/OSServices.framework/Versions/A/OSServices
0x00007fff31291000 	/System/Library/Frameworks/CoreServices.framework/Versions/A/Frameworks/SearchKit.framework/Versions/A/SearchKit
0x00007fff30bd0000 	/System/Library/Frameworks/CoreServices.framework/Versions/A/Frameworks/AE.framework/Versions/A/AE
0x00007fff30f8f000 	/System/Library/Frameworks/CoreServices.framework/Versions/A/Frameworks/LaunchServices.framework/Versions/A/LaunchServices
0x00007fff30f38000 	/System/Library/Frameworks/CoreServices.framework/Versions/A/Frameworks/DictionaryServices.framework/Versions/A/DictionaryServices
0x00007fff312f9000 	/System/Library/Frameworks/CoreServices.framework/Versions/A/Frameworks/SharedFileList.framework/Versions/A/SharedFileList
0x00007fff36180000 	/System/Library/Frameworks/NetFS.framework/Versions/A/NetFS
0x00007fff56e22000 	/System/Library/PrivateFrameworks/NetAuth.framework/Versions/A/NetAuth
0x00007fff63789000 	/System/Library/PrivateFrameworks/login.framework/Versions/A/Frameworks/loginsupport.framework/Versions/A/loginsupport
0x00007fff600a7000 	/System/Library/PrivateFrameworks/TCC.framework/Versions/A/TCC
0x00007fff47d22000 	/System/Library/PrivateFrameworks/CoreNLP.framework/Versions/A/CoreNLP
0x00007fff5631f000 	/System/Library/PrivateFrameworks/MetadataUtilities.framework/Versions/A/MetadataUtilities
0x00007fff67a61000 	/usr/lib/libmecabra.dylib
0x00007fff679b9000 	/usr/lib/libmecab.dylib
0x00007fff67615000 	/usr/lib/libgermantok.dylib
0x00007fff668da000 	/usr/lib/libThaiTokenizer.dylib
0x00007fff662e0000 	/usr/lib/libChineseTokenizer.dylib
0x00007fff2b48b000 	/System/Library/Frameworks/Accelerate.framework/Versions/A/Frameworks/vImage.framework/Versions/A/vImage
0x00007fff2c8f5000 	/System/Library/Frameworks/Accelerate.framework/Versions/A/Frameworks/vecLib.framework/Versions/A/vecLib
0x00007fff2c832000 	/System/Library/Frameworks/Accelerate.framework/Versions/A/Frameworks/vecLib.framework/Versions/A/libvMisc.dylib
0x00007fff2c65a000 	/System/Library/Frameworks/Accelerate.framework/Versions/A/Frameworks/vecLib.framework/Versions/A/libvDSP.dylib
0x00007fff2bae2000 	/System/Library/Frameworks/Accelerate.framework/Versions/A/Frameworks/vecLib.framework/Versions/A/libBLAS.dylib
0x00007fff2c21e000 	/System/Library/Frameworks/Accelerate.framework/Versions/A/Frameworks/vecLib.framework/Versions/A/libLAPACK.dylib
0x00007fff2c5ba000 	/System/Library/Frameworks/Accelerate.framework/Versions/A/Frameworks/vecLib.framework/Versions/A/libLinearAlgebra.dylib
0x00007fff2c647000 	/System/Library/Frameworks/Accelerate.framework/Versions/A/Frameworks/vecLib.framework/Versions/A/libSparseBLAS.dylib
0x00007fff2c5d0000 	/System/Library/Frameworks/Accelerate.framework/Versions/A/Frameworks/vecLib.framework/Versions/A/libQuadrature.dylib
0x00007fff2bd4a000 	/System/Library/Frameworks/Accelerate.framework/Versions/A/Frameworks/vecLib.framework/Versions/A/libBNNS.dylib
0x00007fff2c5d6000 	/System/Library/Frameworks/Accelerate.framework/Versions/A/Frameworks/vecLib.framework/Versions/A/libSparse.dylib
0x00007fff54e95000 	/System/Library/PrivateFrameworks/LanguageModeling.framework/Versions/A/LanguageModeling
0x00007fff476d2000 	/System/Library/PrivateFrameworks/CoreEmoji.framework/Versions/A/CoreEmoji
0x00007fff54fb3000 	/System/Library/PrivateFrameworks/LinguisticData.framework/Versions/A/LinguisticData
0x00007fff54f64000 	/System/Library/PrivateFrameworks/Lexicon.framework/Versions/A/Lexicon
0x00007fff66b9c000 	/usr/lib/libcmph.dylib
0x00007fff38d6e000 	/System/Library/Frameworks/OpenDirectory.framework/Versions/A/Frameworks/CFOpenDirectory.framework/Versions/A/CFOpenDirectory
0x00007fff38d8b000 	/System/Library/Frameworks/OpenDirectory.framework/Versions/A/OpenDirectory
0x00007fff411b0000 	/System/Library/PrivateFrameworks/APFS.framework/Versions/A/APFS
0x00007fff3c47a000 	/System/Library/Frameworks/SecurityFoundation.framework/Versions/A/SecurityFoundation
0x00007fff68c62000 	/usr/lib/libutil.dylib
0x00007fff48c07000 	/System/Library/PrivateFrameworks/CoreServicesStore.framework/Versions/A/CoreServicesStore
0x00007fff3c531000 	/System/Library/Frameworks/ServiceManagement.framework/Versions/A/ServiceManagement
0x00007fff448cc000 	/System/Library/PrivateFrameworks/BackgroundTaskManagement.framework/Versions/A/BackgroundTaskManagement
0x00007fff68d5f000 	/usr/lib/libxslt.1.dylib
0x00007fff43770000 	/System/Library/PrivateFrameworks/AppleSystemInfo.framework/Versions/A/AppleSystemInfo
0x00007fff3292c000 	/System/Library/Frameworks/ImageIO.framework/Versions/A/Resources/libJPEG.dylib
0x00007fff32be8000 	/System/Library/Frameworks/ImageIO.framework/Versions/A/Resources/libTIFF.dylib
0x00007fff32bcb000 	/System/Library/Frameworks/ImageIO.framework/Versions/A/Resources/libPng.dylib
0x00007fff3286e000 	/System/Library/Frameworks/ImageIO.framework/Versions/A/Resources/libGIF.dylib
0x00007fff32872000 	/System/Library/Frameworks/ImageIO.framework/Versions/A/Resources/libJP2.dylib
0x00007fff32be6000 	/System/Library/Frameworks/ImageIO.framework/Versions/A/Resources/libRadiance.dylib
0x00007fff675de000 	/usr/lib/libexpat.1.dylib
0x00007fff43258000 	/System/Library/PrivateFrameworks/AppleJPEG.framework/Versions/A/AppleJPEG
0x00007fff4bf06000 	/System/Library/PrivateFrameworks/FontServices.framework/libFontParser.dylib
0x00007fff6278e000 	/System/Library/PrivateFrameworks/WatchdogClient.framework/Versions/A/WatchdogClient
0x00007fff544f0000 	/System/Library/PrivateFrameworks/IOAccelerator.framework/Versions/A/IOAccelerator
0x00007fff350f8000 	/System/Library/Frameworks/MetalPerformanceShaders.framework/Versions/A/MetalPerformanceShaders
0x00007fff50c87000 	/System/Library/PrivateFrameworks/GPUWrangler.framework/Versions/A/GPUWrangler
0x00007fff54505000 	/System/Library/PrivateFrameworks/IOPresentment.framework/Versions/A/IOPresentment
0x00007fff49784000 	/System/Library/PrivateFrameworks/DSExternalDisplay.framework/Versions/A/DSExternalDisplay
0x00007fff396ff000 	/System/Library/Frameworks/OpenGL.framework/Versions/A/Libraries/libCoreFSCache.dylib
0x00007fff34e44000 	/System/Library/Frameworks/MetalPerformanceShaders.framework/Frameworks/MPSCore.framework/Versions/A/MPSCore
0x00007fff34e82000 	/System/Library/Frameworks/MetalPerformanceShaders.framework/Frameworks/MPSImage.framework/Versions/A/MPSImage
0x00007fff34f49000 	/System/Library/Frameworks/MetalPerformanceShaders.framework/Frameworks/MPSNeuralNetwork.framework/Versions/A/MPSNeuralNetwork
0x00007fff34f0d000 	/System/Library/Frameworks/MetalPerformanceShaders.framework/Frameworks/MPSMatrix.framework/Versions/A/MPSMatrix
0x00007fff350a8000 	/System/Library/Frameworks/MetalPerformanceShaders.framework/Frameworks/MPSRayIntersector.framework/Versions/A/MPSRayIntersector
0x00007fff34f33000 	/System/Library/Frameworks/MetalPerformanceShaders.framework/Frameworks/MPSNDArray.framework/Versions/A/MPSNDArray
0x00007fff5636c000 	/System/Library/PrivateFrameworks/MetalTools.framework/Versions/A/MetalTools
0x00007fff42385000 	/System/Library/PrivateFrameworks/AggregateDictionary.framework/Versions/A/AggregateDictionary
0x00007fff4711c000 	/System/Library/PrivateFrameworks/CoreAnalytics.framework/Versions/A/CoreAnalytics
0x00007fff4368f000 	/System/Library/PrivateFrameworks/AppleSauce.framework/Versions/A/AppleSauce
0x00007fff6659c000 	/usr/lib/libIOReport.dylib
0x00007fff317fa000 	/System/Library/Frameworks/CoreVideo.framework/Versions/A/CoreVideo
0x00007fff52101000 	/System/Library/PrivateFrameworks/GraphVisualizer.framework/Versions/A/GraphVisualizer
0x00007fff4b44d000 	/System/Library/PrivateFrameworks/FaceCore.framework/Versions/A/FaceCore
0x00007fff38d15000 	/System/Library/Frameworks/OpenCL.framework/Versions/A/OpenCL
0x00007fff663be000 	/usr/lib/libFosl_dynamic.dylib
0x00007fff57842000 	/System/Library/PrivateFrameworks/OTSVG.framework/Versions/A/OTSVG
0x00007fff2d9b4000 	/System/Library/Frameworks/ApplicationServices.framework/Versions/A/Frameworks/ATS.framework/Versions/A/Resources/libFontRegistry.dylib
0x00007fff4c0d8000 	/System/Library/PrivateFrameworks/FontServices.framework/libhvf.dylib
0x00007fff3970a000 	/System/Library/Frameworks/OpenGL.framework/Versions/A/Libraries/libGFXShared.dylib
0x00007fff398e8000 	/System/Library/Frameworks/OpenGL.framework/Versions/A/Libraries/libGLU.dylib
0x00007fff39713000 	/System/Library/Frameworks/OpenGL.framework/Versions/A/Libraries/libGL.dylib
0x00007fff3971e000 	/System/Library/Frameworks/OpenGL.framework/Versions/A/Libraries/libGLImage.dylib
0x00007fff396fc000 	/System/Library/Frameworks/OpenGL.framework/Versions/A/Libraries/libCVMSPluginSupport.dylib
0x00007fff39705000 	/System/Library/Frameworks/OpenGL.framework/Versions/A/Libraries/libCoreVMClient.dylib
0x00007fff68030000 	/usr/lib/libncurses.5.4.dylib
0x00007fff2d8b0000 	/System/Library/Frameworks/ApplicationServices.framework/Versions/A/Frameworks/ATS.framework/Versions/A/ATS
0x00007fff2da7d000 	/System/Library/Frameworks/ApplicationServices.framework/Versions/A/Frameworks/ColorSyncLegacy.framework/Versions/A/ColorSyncLegacy
0x00007fff2db1b000 	/System/Library/Frameworks/ApplicationServices.framework/Versions/A/Frameworks/HIServices.framework/Versions/A/HIServices
0x00007fff2db73000 	/System/Library/Frameworks/ApplicationServices.framework/Versions/A/Frameworks/LangAnalysis.framework/Versions/A/LangAnalysis
0x00007fff2db82000 	/System/Library/Frameworks/ApplicationServices.framework/Versions/A/Frameworks/PrintCore.framework/Versions/A/PrintCore
0x00007fff2dbc8000 	/System/Library/Frameworks/ApplicationServices.framework/Versions/A/Frameworks/QD.framework/Versions/A/QD
0x00007fff2dbd3000 	/System/Library/Frameworks/ApplicationServices.framework/Versions/A/Frameworks/SpeechSynthesis.framework/Versions/A/SpeechSynthesis
0x00007fff2da4d000 	/System/Library/Frameworks/ApplicationServices.framework/Versions/A/Frameworks/ATSUI.framework/Versions/A/ATSUI
0x00007fff67474000 	/usr/lib/libcups.2.dylib
0x00007fff34193000 	/System/Library/Frameworks/Kerberos.framework/Versions/A/Kerberos
0x00007fff322d4000 	/System/Library/Frameworks/GSS.framework/Versions/A/GSS
0x00007fff687b3000 	/usr/lib/libresolv.9.dylib
0x00007fff522ae000 	/System/Library/PrivateFrameworks/Heimdal.framework/Versions/A/Heimdal
0x00007fff341a6000 	/System/Library/Frameworks/Kerberos.framework/Versions/A/Libraries/libHeimdalProxy.dylib
0x00007fff6761b000 	/usr/lib/libheimdal-asn1.dylib
0x00007fff465b7000 	/System/Library/PrivateFrameworks/CommonAuth.framework/Versions/A/CommonAuth
0x00007fff4380d000 	/System/Library/PrivateFrameworks/AssertionServices.framework/Versions/A/AssertionServices
0x00007fff443af000 	/System/Library/PrivateFrameworks/AudioToolboxCore.framework/Versions/A/AudioToolboxCore
0x00007fff63439000 	/System/Library/PrivateFrameworks/caulk.framework/Versions/A/caulk
0x00007fff44978000 	/System/Library/PrivateFrameworks/BaseBoard.framework/Versions/A/BaseBoard
0x00007fff5ba99000 	/System/Library/PrivateFrameworks/RunningBoardServices.framework/Versions/A/RunningBoardServices
0x00007fff58aad000 	/System/Library/PrivateFrameworks/PersistentConnection.framework/Versions/A/PersistentConnection
0x00007fff5b493000 	/System/Library/PrivateFrameworks/ProtocolBuffer.framework/Versions/A/ProtocolBuffer
0x00007fff465db000 	/System/Library/PrivateFrameworks/CommonUtilities.framework/Versions/A/CommonUtilities
0x00007fff44b06000 	/System/Library/PrivateFrameworks/Bom.framework/Versions/A/Bom
0x00007fff6626f000 	/usr/lib/libAudioToolboxUtility.dylib
0x00007fff448d6000 	/System/Library/PrivateFrameworks/Backup.framework/Versions/A/Backup
0x00007fff496a5000 	/System/Library/PrivateFrameworks/CrashReporterSupport.framework/Versions/A/CrashReporterSupport
0x00007fff5d52a000 	/System/Library/PrivateFrameworks/Sharing.framework/Versions/A/Sharing
0x00007fff42e1b000 	/System/Library/PrivateFrameworks/Apple80211.framework/Versions/A/Apple80211
0x00007fff445f3000 	/System/Library/PrivateFrameworks/AuthKit.framework/Versions/A/AuthKit
0x00007fff493b5000 	/System/Library/PrivateFrameworks/CoreUtils.framework/Versions/A/CoreUtils
0x00007fff3183f000 	/System/Library/Frameworks/CoreWLAN.framework/Versions/A/CoreWLAN
0x00007fff32461000 	/System/Library/Frameworks/IOBluetooth.framework/Versions/A/IOBluetooth
0x00007fff56671000 	/System/Library/PrivateFrameworks/MobileKeyBag.framework/Versions/A/MobileKeyBag
0x00007fff481ba000 	/System/Library/PrivateFrameworks/CorePhoneNumbers.framework/Versions/A/CorePhoneNumbers
0x00007fff4320b000 	/System/Library/PrivateFrameworks/AppleIDAuthSupport.framework/Versions/A/AppleIDAuthSupport
0x00007fff3618d000 	/System/Library/Frameworks/Network.framework/Versions/A/Network
0x00007fff54d41000 	/System/Library/PrivateFrameworks/KeychainCircle.framework/Versions/A/KeychainCircle
0x00007fff2f293000 	/System/Library/Frameworks/CoreBluetooth.framework/Versions/A/CoreBluetooth
0x00007fff5f5a7000 	/System/Library/PrivateFrameworks/SpeechRecognitionCore.framework/Versions/A/SpeechRecognitionCore
0x00007fff228c6000 	/System/Library/CoreServices/Encodings/libTraditionalChineseConverter.dylib
0x0000000105600000 	/Library/Java/JavaVirtualMachines/openjdk-14.jdk/Contents/Home/lib/server/libjvm.dylib
0x0000000104db3000 	/Library/Java/JavaVirtualMachines/openjdk-14.jdk/Contents/Home/lib/libjimage.dylib
0x0000000104dc0000 	/Library/Java/JavaVirtualMachines/openjdk-14.jdk/Contents/Home/lib/libjdwp.dylib
0x00000001063a1000 	/Library/Java/JavaVirtualMachines/openjdk-14.jdk/Contents/Home/lib/libjava.dylib
0x0000000106410000 	/Library/Java/JavaVirtualMachines/openjdk-14.jdk/Contents/Home/lib/libzip.dylib
0x000000010b24e000 	/Library/Java/JavaVirtualMachines/openjdk-14.jdk/Contents/Home/lib/libdt_socket.dylib
0x000000010b258000 	/Library/Java/JavaVirtualMachines/openjdk-14.jdk/Contents/Home/lib/libnio.dylib
0x000000010b26b000 	/Library/Java/JavaVirtualMachines/openjdk-14.jdk/Contents/Home/lib/libnet.dylib
0x000000010b283000 	/Users/cliff/Code.localized/SpaceShooter/libbulletjme.dylib
0x000000010b4cc000 	/Users/cliff/Code.localized/SpaceShooter/libopenal.dylib
0x000000010b528000 	/Library/Java/JavaVirtualMachines/openjdk-14.jdk/Contents/Home/lib/libverify.dylib
0x000000010b537000 	/Library/Java/JavaVirtualMachines/openjdk-14.jdk/Contents/Home/lib/libawt.dylib
0x000000010b5d3000 	/Library/Java/JavaVirtualMachines/openjdk-14.jdk/Contents/Home/lib/libmlib_image.dylib
0x00007fff3417d000 	/System/Library/Frameworks/JavaVM.framework/Versions/A/Frameworks/JavaNativeFoundation.framework/Versions/A/JavaNativeFoundation
0x00007fff34186000 	/System/Library/Frameworks/JavaVM.framework/Versions/A/Frameworks/JavaRuntimeSupport.framework/Versions/A/JavaRuntimeSupport
0x00007fff3418e000 	/System/Library/Frameworks/JavaVM.framework/Versions/A/JavaVM
0x00007fff54b58000 	/System/Library/PrivateFrameworks/JavaLaunching.framework/Versions/A/JavaLaunching
0x00007fff2e464000 	/System/Library/Frameworks/Carbon.framework/Versions/A/Carbon
0x00007fff4915a000 	/System/Library/PrivateFrameworks/CoreSymbolication.framework/Versions/A/CoreSymbolication
0x00007fff2e465000 	/System/Library/Frameworks/Carbon.framework/Versions/A/Frameworks/CommonPanels.framework/Versions/A/CommonPanels
0x00007fff2e75e000 	/System/Library/Frameworks/Carbon.framework/Versions/A/Frameworks/Help.framework/Versions/A/Help
0x00007fff2e762000 	/System/Library/Frameworks/Carbon.framework/Versions/A/Frameworks/ImageCapture.framework/Versions/A/ImageCapture
0x00007fff2e769000 	/System/Library/Frameworks/Carbon.framework/Versions/A/Frameworks/OpenScripting.framework/Versions/A/OpenScripting
0x00007fff2e768000 	/System/Library/Frameworks/Carbon.framework/Versions/A/Frameworks/Ink.framework/Versions/A/Ink
0x00007fff2e7a4000 	/System/Library/Frameworks/Carbon.framework/Versions/A/Frameworks/Print.framework/Versions/A/Print
0x00007fff2e7a5000 	/System/Library/Frameworks/Carbon.framework/Versions/A/Frameworks/SecurityHI.framework/Versions/A/SecurityHI
0x00007fff498d9000 	/System/Library/PrivateFrameworks/DebugSymbols.framework/Versions/A/DebugSymbols
0x000000010b63f000 	/Library/Java/JavaVirtualMachines/openjdk-14.jdk/Contents/Home/lib/libawt_lwawt.dylib
0x000000010b6f1000 	/Library/Java/JavaVirtualMachines/openjdk-14.jdk/Contents/Home/lib/libosxapp.dylib
0x00007fff31d3d000 	/System/Library/Frameworks/ExceptionHandling.framework/Versions/A/ExceptionHandling
0x0000000127309000 	/Library/Java/JavaVirtualMachines/openjdk-14.jdk/Contents/Home/lib/libfontmanager.dylib
0x000000012740f000 	/Library/Java/JavaVirtualMachines/openjdk-14.jdk/Contents/Home/lib/libfreetype.dylib
0x00007fff48bd3000 	/System/Library/PrivateFrameworks/CoreServicesInternal.framework/Versions/A/CoreServicesInternal
0x00007fff31d5c000 	/System/Library/Frameworks/FileProvider.framework/Versions/A/FileProvider
0x00007fff2c8f6000 	/System/Library/Frameworks/Accounts.framework/Versions/A/Accounts
0x00007fff50fac000 	/System/Library/PrivateFrameworks/GenerationalStorage.framework/Versions/A/GenerationalStorage
0x00007fff5fde7000 	/System/Library/PrivateFrameworks/SymptomDiagnosticReporter.framework/Versions/A/SymptomDiagnosticReporter
0x00007fff42920000 	/System/Library/PrivateFrameworks/AppContainer.framework/Versions/A/AppContainer
0x00007fff687cd000 	/usr/lib/libsandbox.1.dylib
0x00007fff61732000 	/System/Library/PrivateFrameworks/UserManagement.framework/Versions/A/UserManagement
0x00007fff456c1000 	/System/Library/PrivateFrameworks/ChunkingLibrary.framework/Versions/A/ChunkingLibrary
0x00007fff42992000 	/System/Library/PrivateFrameworks/AppSandbox.framework/Versions/A/AppSandbox
0x00007fff5d3b4000 	/System/Library/PrivateFrameworks/SecCodeWrapper.framework/Versions/A/SecCodeWrapper
0x00007fff66684000 	/usr/lib/libMatch.1.dylib
0x00007fff228da000 	/System/Library/CoreServices/RawCamera.bundle/Contents/MacOS/RawCamera
0x00007fff5649b000 	/System/Library/PrivateFrameworks/MobileAsset.framework/Versions/A/MobileAsset
0x00007fff5fc8f000 	/System/Library/PrivateFrameworks/StreamingZip.framework/Versions/A/StreamingZip
0x00007fff3460e000 	/System/Library/Frameworks/MediaToolbox.framework/Versions/A/MediaToolbox
0x00007fff470cc000 	/System/Library/PrivateFrameworks/CoreAVCHD.framework/Versions/A/CoreAVCHD
0x00007fff34538000 	/System/Library/Frameworks/MediaAccessibility.framework/Versions/A/MediaAccessibility
0x00007fff55850000 	/System/Library/PrivateFrameworks/Mangrove.framework/Versions/A/Mangrove
0x00007fff30a07000 	/System/Library/Frameworks/CoreMedia.framework/Versions/A/CoreMedia
0x00007fff55abc000 	/System/Library/PrivateFrameworks/MediaExperience.framework/Versions/A/MediaExperience
0x00007fff3d4ce000 	/System/Library/Frameworks/VideoToolbox.framework/Versions/A/VideoToolbox
0x00007fff46cf6000 	/System/Library/PrivateFrameworks/CoreAUC.framework/Versions/A/CoreAUC
0x00007fff68825000 	/usr/lib/libspindump.dylib
0x00007fff43d5e000 	/System/Library/PrivateFrameworks/AudioResourceArbitration.framework/Versions/A/AudioResourceArbitration
0x00007fff43774000 	/System/Library/PrivateFrameworks/AppleVA.framework/Versions/A/AppleVA
0x00007fff2b474000 	/System/Library/Frameworks/Accelerate.framework/Versions/A/Frameworks/vImage.framework/Versions/A/Libraries/libCGInterfaces.dylib
0x000000012894a000 	/usr/lib/libobjc-trampolines.dylib
0x00007fff4c03f000 	/System/Library/PrivateFrameworks/FontServices.framework/libTrueTypeScaler.dylib
0x00007fff24fec000 	/System/Library/Extensions/AppleIntelBDWGraphicsMTLDriver.bundle/Contents/MacOS/AppleIntelBDWGraphicsMTLDriver
0x00007fff4f5c9000 	/System/Library/PrivateFrameworks/GPUCompiler.framework/Versions/3902/Libraries/libmetal_timestamp.dylib
0x00007fff624fe000 	/System/Library/PrivateFrameworks/ViewBridge.framework/Versions/A/ViewBridge
0x0000000129760000 	/Users/cliff/Code.localized/SpaceShooter/liblwjgl.dylib
0x00000001297e2000 	/Library/Java/JavaVirtualMachines/openjdk-14.jdk/Contents/Home/lib/libjawt.dylib
0x00007fff3a370000 	/System/Library/Frameworks/OpenGL.framework/Versions/A/Resources/GLEngine.bundle/GLEngine
0x00007fff39753000 	/System/Library/Frameworks/OpenGL.framework/Versions/A/Libraries/libGLProgrammability.dylib
0x00007fff24aeb000 	/System/Library/Extensions/AppleIntelBDWGraphicsGLDriver.bundle/Contents/MacOS/AppleIntelBDWGraphicsGLDriver
0x00007fff50c7b000 	/System/Library/PrivateFrameworks/GPUSupport.framework/Versions/A/Libraries/libGPUSupportMercury.dylib
0x00007fff3a4ea000 	/System/Library/Frameworks/OpenGL.framework/Versions/A/Resources/GLRendererFloat.bundle/GLRendererFloat
0x00007fff38d0c000 	/System/Library/Frameworks/OpenCL.framework/Versions/A/Libraries/libcldcpuengine.dylib
0x00007fff6378c000 	/System/Library/PrivateFrameworks/login.framework/Versions/A/login


VM Arguments:
jvm_args: -agentlib:jdwp=transport=dt_socket,server=n,suspend=y,address=localhost:58423 -Dfile.encoding=UTF-8 
java_command: SpaceShooter.Main
java_class_path (initial): /Users/cliff/Code.localized/SpaceShooter/target/classes:/Users/cliff/.m2/repository/com/github/nifty-gui/nifty/1.4.3/nifty-1.4.3.jar:/Users/cliff/.m2/repository/xpp3/xpp3/1.1.4c/xpp3-1.1.4c.jar:/Users/cliff/.m2/repository/com/google/code/findbugs/jsr305/2.0.2/jsr305-2.0.2.jar:/Users/cliff/.m2/repository/org/jmonkeyengine/jme3-jogg/3.3.2-stable/jme3-jogg-3.3.2-stable.jar:/Users/cliff/.m2/repository/de/jarnbjo/j-ogg-all/1.0.0/j-ogg-all-1.0.0.jar:/Users/cliff/.m2/repository/org/jmonkeyengine/jme3-niftygui/3.3.2-stable/jme3-niftygui-3.3.2-stable.jar:/Users/cliff/.m2/repository/com/github/nifty-gui/nifty-default-controls/1.4.3/nifty-default-controls-1.4.3.jar:/Users/cliff/.m2/repository/com/github/nifty-gui/nifty-style-black/1.4.3/nifty-style-black-1.4.3.jar:/Users/cliff/.m2/repository/org/jmonkeyengine/jme3-plugins/3.3.2-stable/jme3-plugins-3.3.2-stable.jar:/Users/cliff/.m2/repository/com/google/code/gson/gson/2.8.1/gson-2.8.1.jar:/Users/cliff/.m2/repository/org/jmonkeyengine/jme3-blender/3.3.2-stable/jme3-blender-3.3.2-stable.jar:/Users/cliff/.m2/repository/org/jmonkeyengine/jme3-effects/3.3.2-stable/jme3-effects-3.3.2-stable.jar:/Users/cliff/.m2/repository/org/ejml/core/0.27/core-0.27.jar:/Users/cliff/.m2/repository/org/ejml/dense64/0.27/dense64-0.27.jar:/Users/cliff/.m2/repository/org/ejml/simple/0.27/simple-0.27.jar:/Users/cliff/.m2/repository/org/ejml/denseC64/0.27/denseC64-0.27.jar:/Users/cliff/.m2/repository/org/jmonkeyengine/jme3-core/3.3.2-stable/jme3-core-3.3.2-stable.jar:/Users/cliff/.m2/repository/org/jmonkeyengine/jme3-desktop/3.3.2-stable/jme3-desktop-3.3.2-stable.jar:/Users/cliff/.m2/repository/org/jmonkeyengine/jme3-lwjgl/3.3.2-stable/jme3-lwjgl-3.3.2-stable.jar:/Users/cliff/.m2/repository/org/lwjgl/lwjgl/lwjgl/2.9.3/lwjgl-2.9.3.jar:/Users/cliff/.m2/repository/org/lwjgl/lwjgl/lwjgl-platform/2.9.3/lwjgl-platform-2.9.3-natives-windows.jar:/Users/cliff/.m2/repository/org/lwjgl/lwjgl/lwjgl-platform/2.9.3/lwjgl-platform-2.9.3-nati
Launcher Type: SUN_STANDARD

[Global flags]
     intx CICompilerCount                          = 3                                         {product} {ergonomic}
     uint ConcGCThreads                            = 1                                         {product} {ergonomic}
     uint G1ConcRefinementThreads                  = 4                                         {product} {ergonomic}
   size_t G1HeapRegionSize                         = 1048576                                   {product} {ergonomic}
    uintx GCDrainStackTargetSize                   = 64                                        {product} {ergonomic}
   size_t InitialHeapSize                          = 134217728                                 {product} {ergonomic}
   size_t MarkStackSize                            = 4194304                                   {product} {ergonomic}
   size_t MaxHeapSize                              = 2147483648                                {product} {ergonomic}
   size_t MaxNewSize                               = 1287651328                                {product} {ergonomic}
   size_t MinHeapDeltaBytes                        = 1048576                                   {product} {ergonomic}
   size_t MinHeapSize                              = 8388608                                   {product} {ergonomic}
    uintx NonNMethodCodeHeapSize                   = 5832780                                {pd product} {ergonomic}
    uintx NonProfiledCodeHeapSize                  = 122912730                              {pd product} {ergonomic}
    uintx ProfiledCodeHeapSize                     = 122912730                              {pd product} {ergonomic}
    uintx ReservedCodeCacheSize                    = 251658240                              {pd product} {ergonomic}
     bool SegmentedCodeCache                       = true                                      {product} {ergonomic}
   size_t SoftMaxHeapSize                          = 2147483648                             {manageable} {ergonomic}
     bool UseCompressedClassPointers               = true                                 {lp64_product} {ergonomic}
     bool UseCompressedOops                        = true                                 {lp64_product} {ergonomic}
     bool UseG1GC                                  = true                                      {product} {ergonomic}

Logging:
Log output configuration:
 #0: stdout all=warning uptime,level,tags
 #1: stderr all=off uptime,level,tags

Environment Variables:
PATH=/usr/local/bin:/usr/bin:/bin:/usr/sbin:/sbin
SHELL=/bin/zsh

Signal Handlers:
SIGSEGV: [libjvm.dylib+0x740a20], sa_mask[0]=11111111011111110111111111111111, sa_flags=SA_ONSTACK|SA_RESTART|SA_SIGINFO
SIGBUS: [libjvm.dylib+0x740a20], sa_mask[0]=11111111011111110111111111111111, sa_flags=SA_RESTART|SA_SIGINFO
SIGFPE: [libjvm.dylib+0x740a20], sa_mask[0]=11111111011111110111111111111111, sa_flags=SA_RESTART|SA_SIGINFO
SIGPIPE: [libjvm.dylib+0x5ea84f], sa_mask[0]=11111111011111110111111111111111, sa_flags=SA_RESTART|SA_SIGINFO
SIGXFSZ: [libjvm.dylib+0x5ea84f], sa_mask[0]=11111111011111110111111111111111, sa_flags=SA_RESTART|SA_SIGINFO
SIGILL: [libjvm.dylib+0x740a20], sa_mask[0]=11111111011111110111111111111111, sa_flags=SA_RESTART|SA_SIGINFO
SIGUSR2: [libjvm.dylib+0x5eae21], sa_mask[0]=00000000000000000000000000000000, sa_flags=SA_RESTART|SA_SIGINFO
SIGHUP: [libjvm.dylib+0x5e9e83], sa_mask[0]=11111111011111110111111111111111, sa_flags=SA_RESTART|SA_SIGINFO
SIGINT: [libjvm.dylib+0x5e9e83], sa_mask[0]=11111111011111110111111111111111, sa_flags=SA_RESTART|SA_SIGINFO
SIGTERM: [libjvm.dylib+0x5e9e83], sa_mask[0]=11111111011111110111111111111111, sa_flags=SA_RESTART|SA_SIGINFO
SIGQUIT: [libjvm.dylib+0x5e9e83], sa_mask[0]=11111111011111110111111111111111, sa_flags=SA_RESTART|SA_SIGINFO


---------------  S Y S T E M  ---------------

OS:uname:Darwin 19.5.0 Darwin Kernel Version 19.5.0: Tue May 26 20:41:44 PDT 2020; root:xnu-6153.121.2~2/RELEASE_X86_64 x86_64
OS uptime: 15 days 19:46 hours
rlimit: STACK 8192k, CORE 0k, NPROC 1392, NOFILE 10240, AS infinity, DATA infinity, FSIZE infinity
load average:1.47 1.63 2.27

CPU:total 4 (initial active 4) (2 cores per cpu, 2 threads per core) family 6 model 61 stepping 4, cmov, cx8, fxsr, mmx, sse, sse2, sse3, ssse3, sse4.1, sse4.2, popcnt, avx, avx2, aes, clmul, erms, 3dnowpref, lzcnt, ht, tsc, tscinvbit, bmi1, bmi2, adx, fma

Memory: 4k page, physical 8388608k(1451800k free), swap 2097152k(1728000k free)

vm_info: OpenJDK 64-Bit Server VM (14+36-1461) for bsd-amd64 JRE (14+36-1461), built on Feb  6 2020 19:03:05 by "mach5one" with clang 4.2.1 Compatible Apple LLVM 10.0.0 (clang-1000.11.45.5)

END.
