#
# A fatal error has been detected by the Java Runtime Environment:
#
#  SIGILL (0x4) at pc=0x00007fff2cec2b43, pid=35204, tid=775
#
# JRE version: OpenJDK Runtime Environment (14.0+36) (build 14+36-1461)
# Java VM: OpenJDK 64-Bit Server VM (14+36-1461, mixed mode, sharing, tiered, compressed oops, g1 gc, bsd-amd64)
# Problematic frame:
# C  [AppKit+0x423b43]  -[NSApplication _crashOnException:]+0x6a
#
# No core dump will be written. Core dumps have been disabled. To enable core dumping, try "ulimit -c unlimited" before starting Java again
#
# If you would like to submit a bug report, please visit:
#   https://bugreport.java.com/bugreport/crash.jsp
# The crash happened outside the Java Virtual Machine in native code.
# See problematic frame for where to report the bug.
#

---------------  S U M M A R Y ------------

Command Line: -agentlib:jdwp=transport=dt_socket,server=n,suspend=y,address=localhost:58454 -Dfile.encoding=UTF-8 SpaceShooter.Main

Host: MacBookAir7,2 x86_64 1600 MHz, 4 cores, 8G, Darwin 19.5.0
Time: Fri Jun 19 13:31:33 2020 CST elapsed time: 1 seconds (0d 0h 0m 1s)

---------------  T H R E A D  ---------------

Current thread (0x00007f8bd017a800):  JavaThread "AppKit Thread" daemon [_thread_in_native, id=775, stack(0x00007ffee6896000,0x00007ffee7096000)]

Stack: [0x00007ffee6896000,0x00007ffee7096000],  sp=0x00007ffee7091c50,  free space=8175k
Native frames: (J=compiled Java code, A=aot compiled Java code, j=interpreted, Vv=VM code, C=native code)
C  [AppKit+0x423b43]  -[NSApplication _crashOnException:]+0x6a
C  [AppKit+0x1e17ac]  __62+[CATransaction(NSCATransaction) NS_setFlushesWithDisplayLink]_block_invoke+0x325
C  [AppKit+0x900850]  ___NSRunLoopObserverCreateWithHandler_block_invoke+0x29
C  [CoreFoundation+0x833c5]  __CFRUNLOOP_IS_CALLING_OUT_TO_AN_OBSERVER_CALLBACK_FUNCTION__+0x17
C  [CoreFoundation+0x832f7]  __CFRunLoopDoObservers+0x1c9
C  [CoreFoundation+0x82895]  __CFRunLoopRun+0x36a
C  [CoreFoundation+0x81ece]  CFRunLoopRunSpecific+0x1ce
C  [HIToolbox+0x2fabd]  RunCurrentEventLoopInMode+0x124
C  [HIToolbox+0x2f7d5]  ReceiveNextEventCommon+0x248
C  [HIToolbox+0x2f579]  _BlockUntilNextEventMatchingListInModeWithFilter+0x40
C  [AppKit+0x41829]  _DPSNextEvent+0x373
C  [AppKit+0x40070]  -[NSApplication(NSEvent) _nextEventMatchingEventMask:untilDate:inMode:dequeue:]+0x548
C  [libosxapp.dylib+0x291e]  -[NSApplicationAWT nextEventMatchingMask:untilDate:inMode:dequeue:]+0x79
C  [AppKit+0x31d7e]  -[NSApplication run]+0x292
C  [libosxapp.dylib+0x2763]  +[NSApplicationAWT runAWTLoopWithApp:]+0xde
C  [libawt_lwawt.dylib+0x390b1]  +[AWTStarter starter:headless:]+0x342
C  [JavaNativeFoundation+0x6ff9]  +[JNFRunLoop _performCopiedBlock:]+0xf
C  [Foundation+0x9b0dd]  __NSThreadPerformPerform+0xcc
C  [CoreFoundation+0x83de2]  __CFRUNLOOP_IS_CALLING_OUT_TO_A_SOURCE0_PERFORM_FUNCTION__+0x11
C  [CoreFoundation+0x83d81]  __CFRunLoopDoSource0+0x67
C  [CoreFoundation+0x83b9b]  __CFRunLoopDoSources0+0xd1
C  [CoreFoundation+0x828ca]  __CFRunLoopRun+0x39f
C  [CoreFoundation+0x81ece]  CFRunLoopRunSpecific+0x1ce
C  [libjli.dylib+0x6641]  CreateExecutionEnvironment+0x18f
C  [libjli.dylib+0x27d2]  JLI_Launch+0x54a
C  [java+0xca1]  main+0x177
C  [libdyld.dylib+0x1acc9]  start+0x1


siginfo: si_signo: 4 (SIGILL), si_code: 1 (ILL_ILLOPC), si_addr: 0x00007fff2cec2b43

Register to memory mapping:

RAX=0x00007f8bd088fe00 points into unknown readable memory: 30 20 20 20 43 6f 72 65
RBX=0x00007f8bcfcc6990 points into unknown readable memory: d9 a2 1e 87 ff ff 1d 01
RCX=0xb6c08f38ca1f007e is an unknown value
RDX=0x0000000000000001 is an unknown value
RSP=0x00007ffee7091c50 is pointing into the stack for thread: 0x00007f8bd017a800
RBP=0x00007ffee7091c60 is pointing into the stack for thread: 0x00007f8bd017a800
RSI=0x0000000000000ea1 is an unknown value
RDI=0x00007ffee70917f0 is pointing into the stack for thread: 0x00007f8bd017a800
R8 =0x0000000000000e00 is an unknown value
R9 =0x00007f8bd0890ca1 points into unknown readable memory: 00 00 0b b6 00 0c 57
R10=0x00000000000000a1 is an unknown value
R11=0x00007ffee7091432 is pointing into the stack for thread: 0x00007f8bd017a800
R12=0x00007f8bd00d1068 points into unknown readable memory: 00 00 00 00 00 00 00 00
R13=0x0000000000000002 is an unknown value
R14=0x00007fff686b2800: objc_msgSend+0 in /usr/lib/libobjc.A.dylib at 0x00007fff686ac000
R15=0x00007f8bcfffdaf0 points into unknown readable memory: 29 94 1e 87 ff ff 1d 00


Registers:
RAX=0x00007f8bd088fe00, RBX=0x00007f8bcfcc6990, RCX=0xb6c08f38ca1f007e, RDX=0x0000000000000001
RSP=0x00007ffee7091c50, RBP=0x00007ffee7091c60, RSI=0x0000000000000ea1, RDI=0x00007ffee70917f0
R8 =0x0000000000000e00, R9 =0x00007f8bd0890ca1, R10=0x00000000000000a1, R11=0x00007ffee7091432
R12=0x00007f8bd00d1068, R13=0x0000000000000002, R14=0x00007fff686b2800, R15=0x00007f8bcfffdaf0
RIP=0x00007fff2cec2b43, EFLAGS=0x0000000000010202, ERR=0x0000000000000000
  TRAPNO=0x0000000000000006

Top of Stack: (sp=0x00007ffee7091c50)
0x00007ffee7091c50:   00007f8bcfcc6120 00007f8bcfffdbc0
0x00007ffee7091c60:   00007ffee7091d80 00007fff2cc807ac
0x00007ffee7091c70:   00007ffee7091cb0 00007fff2cafd032
0x00007ffee7091c80:   b6c08f38ca1f007e 0000000000000001
0x00007ffee7091c90:   00007f8bcfcab8f0 00000000000000b0
0x00007ffee7091ca0:   0000000020000000 0000000000000003
0x00007ffee7091cb0:   00007f8bcfffdc20 00007f8bcfffdc20
0x00007ffee7091cc0:   0000000000800000 0000000000000003
0x00007ffee7091cd0:   00007f8bcfffd7c0 00007f8bcfffd7c0
0x00007ffee7091ce0:   0000000000000030 0000000108b8ba00
0x00007ffee7091cf0:   00007ffee7091d80 00007fff69a222d6
0x00007ffee7091d00:   00007ffee7091d70 00007f8bcff00000
0x00007ffee7091d10:   00007f8bcfffdc20 00007f8b00000000
0x00007ffee7091d20:   0000000000000003 00007f8bcff00000
0x00007ffee7091d30:   00007f8bcfffd7c0 00007f8bcfffd7f0
0x00007ffee7091d40:   0000000000000003 0000000108b89080
0x00007ffee7091d50:   b6c08f38ca1f007e 00007f8bcfffdb90
0x00007ffee7091d60:   00007f8bd00d1068 0000000000000002
0x00007ffee7091d70:   0000000000000002 00007f8bcfffdaf0
0x00007ffee7091d80:   00007ffee7091db0 00007fff2d39f850
0x00007ffee7091d90:   00007f8bcfffdaf0 00007f8bcfffdb90
0x00007ffee7091da0:   0000000000000000 00007fff2f86b837
0x00007ffee7091db0:   00007ffee7091dc0 00007fff2f86b3c5
0x00007ffee7091dc0:   00007ffee7091e70 00007fff2f86b2f7
0x00007ffee7091dd0:   00007f8bcfffdaf0 0000000000000020
0x00007ffee7091de0:   00007fff871e8c80 00007fff2f86b1ce
0x00007ffee7091df0:   0000000500002d8a 00007f8bcff07ee0
0x00007ffee7091e00:   00007ffee7091dd0 00007ffee7091df0
0x00007ffee7091e10:   00007ffee7091dd0 00007f8bcff07ef0
0x00007ffee7091e20:   00007f8bcff07da0 0000000000000002
0x00007ffee7091e30:   00007f8bcff07d90 0000000000000001
0x00007ffee7091e40:   b6c08f38ca1f007e 00007f8bcff07d90 

Instructions: (pc=0x00007fff2cec2b43)
0x00007fff2cec2a43:   df 48 8b 95 28 ff ff ff ff 15 37 2e 95 59 48 8b
0x00007fff2cec2a53:   05 70 15 95 59 48 8b 00 48 3b 45 d0 75 5e 48 81
0x00007fff2cec2a63:   c4 28 01 00 00 5b 41 5c 41 5d 41 5e 41 5f 5d c3
0x00007fff2cec2a73:   48 8d 3d 3e 6d cd 59 48 8d 35 57 60 97 59 e8 34
0x00007fff2cec2a83:   1e 74 00 e9 50 fc ff ff 48 8d 3d 86 76 98 59 48
0x00007fff2cec2a93:   8d 15 2d 71 cd 59 31 f6 31 c9 e8 72 11 be ff e9
0x00007fff2cec2aa3:   5d ff ff ff 48 8d 3d 0a 6d cd 59 48 8d 35 23 60
0x00007fff2cec2ab3:   97 59 e8 00 1e 74 00 e9 89 fc ff ff e8 ec 1b 74
0x00007fff2cec2ac3:   00 48 89 c3 e8 08 22 74 00 48 89 df e8 8e 1b 74
0x00007fff2cec2ad3:   00 0f 0b 90 90 90 55 48 89 e5 41 56 53 48 89 d3
0x00007fff2cec2ae3:   48 8b 35 a6 42 c5 59 4c 8b 35 97 2d 95 59 48 89
0x00007fff2cec2af3:   d7 41 ff d6 48 8d 3d 1a 69 98 59 48 89 c6 31 c0
0x00007fff2cec2b03:   e8 64 9e e0 ff 48 8b 35 21 66 c5 59 48 89 df 41
0x00007fff2cec2b13:   ff d6 48 8b 35 24 7a c5 59 48 8d 15 f5 59 98 59
0x00007fff2cec2b23:   48 89 c7 ff 15 5c 2d 95 59 48 8b 35 55 36 c5 59
0x00007fff2cec2b33:   48 89 c7 ff 15 4c 2d 95 59 48 89 05 65 21 cd 59
0x00007fff2cec2b43:   0f 0b 48 89 c7 e8 63 21 74 00 31 ff 31 f6 31 c0
0x00007fff2cec2b53:   e8 14 9e e0 ff e8 83 21 74 00 0f 0b 48 89 c3 e8
0x00007fff2cec2b63:   6d 21 74 00 48 89 df e8 f3 1a 74 00 0f 0b e8 3c
0x00007fff2cec2b73:   22 74 00 55 48 89 e5 41 57 41 56 41 55 41 54 53
0x00007fff2cec2b83:   48 83 ec 68 4d 89 c6 f2 0f 11 8d 78 ff ff ff f2
0x00007fff2cec2b93:   0f 11 45 80 49 89 cf 48 89 d3 48 8b 35 a4 39 c5
0x00007fff2cec2ba3:   59 48 89 d7 ff 15 db 2c 95 59 48 83 f8 01 0f 85
0x00007fff2cec2bb3:   c2 01 00 00 4c 89 75 c8 31 ff e8 34 0e 74 00 48
0x00007fff2cec2bc3:   89 45 d0 48 8b 35 83 43 c5 59 4c 8b 2d b4 2c 95
0x00007fff2cec2bd3:   59 48 89 df 41 ff d5 48 89 c7 ff 15 b5 2c 95 59
0x00007fff2cec2be3:   49 89 c6 4c 8b 25 bb 48 c5 59 48 89 df 4c 89 e6
0x00007fff2cec2bf3:   41 ff d5 f2 0f 11 45 a0 f2 0f 11 4d a8 48 8b 35
0x00007fff2cec2c03:   39 38 c5 59 48 8b 05 42 72 c5 59 48 89 45 88 48
0x00007fff2cec2c13:   8d 05 b7 94 cc 59 4c 8b 00 ba 44 00 00 00 4c 89
0x00007fff2cec2c23:   75 c0 4c 89 f7 4c 89 f9 45 31 c9 4c 89 eb 41 ff
0x00007fff2cec2c33:   d5 48 85 c0 0f 84 60 01 00 00 49 89 c5 4c 89 bd 


Stack slot to memory mapping:
stack at sp + 0 slots: 0x00007f8bcfcc6120 points into unknown readable memory: 00 2b 2b 43 47 4e 4c 43
stack at sp + 1 slots: 0x00007f8bcfffdbc0 points into unknown readable memory: 00 b6 fe 8f ff 7f 00 00
stack at sp + 2 slots: 0x00007ffee7091d80 is pointing into the stack for thread: 0x00007f8bd017a800
stack at sp + 3 slots: 0x00007fff2cc807ac: __62+[CATransaction(NSCATransaction) NS_setFlushesWithDisplayLink]_block_invoke+0x325 in /System/Library/Frameworks/AppKit.framework/Versions/C/AppKit at 0x00007fff2ca9f000
stack at sp + 4 slots: 0x00007ffee7091cb0 is pointing into the stack for thread: 0x00007f8bd017a800
stack at sp + 5 slots: 0x00007fff2cafd032: -[NSDisplayCycle containsObserver:]+0x62 in /System/Library/Frameworks/AppKit.framework/Versions/C/AppKit at 0x00007fff2ca9f000
stack at sp + 6 slots: 0xb6c08f38ca1f007e is an unknown value
stack at sp + 7 slots: 0x0000000000000001 is an unknown value


---------------  P R O C E S S  ---------------

Threads class SMR info:
_java_thread_list=0x00007f8bcfe4e520, length=16, elements={
0x00007f8bd0020800, 0x00007f8bd0023800, 0x00007f8bd1098000, 0x00007f8bd1095800,
0x00007f8bd109b000, 0x00007f8bd109c000, 0x00007f8bd109c800, 0x00007f8bd0021800,
0x00007f8bd0025800, 0x00007f8bd086e800, 0x00007f8bd185a800, 0x00007f8bd109e800,
0x00007f8bd1926800, 0x00007f8bd1939800, 0x00007f8bd017a800, 0x00007f8bd099a800
}

Java Threads: ( => current thread )
  0x00007f8bd0020800 JavaThread "Reference Handler" daemon [_thread_blocked, id=17411, stack(0x000070000678e000,0x000070000688e000)]
  0x00007f8bd0023800 JavaThread "Finalizer" daemon [_thread_blocked, id=17155, stack(0x0000700006891000,0x0000700006991000)]
  0x00007f8bd1098000 JavaThread "Signal Dispatcher" daemon [_thread_blocked, id=43011, stack(0x0000700006a9a000,0x0000700006b9a000)]
  0x00007f8bd1095800 JavaThread "Service Thread" daemon [_thread_blocked, id=42755, stack(0x0000700006b9d000,0x0000700006c9d000)]
  0x00007f8bd109b000 JavaThread "C2 CompilerThread0" daemon [_thread_blocked, id=41987, stack(0x0000700006ca0000,0x0000700006da0000)]
  0x00007f8bd109c000 JavaThread "C1 CompilerThread0" daemon [_thread_blocked, id=41475, stack(0x0000700006da3000,0x0000700006ea3000)]
  0x00007f8bd109c800 JavaThread "Sweeper thread" daemon [_thread_blocked, id=22787, stack(0x0000700006ea6000,0x0000700006fa6000)]
  0x00007f8bd0021800 JavaThread "JDWP Transport Listener: dt_socket" daemon [_thread_blocked, id=23299, stack(0x0000700006fa9000,0x00007000070a9000)]
  0x00007f8bd0025800 JavaThread "JDWP Event Helper Thread" daemon [_thread_blocked, id=40451, stack(0x00007000070ac000,0x00007000071ac000)]
  0x00007f8bd086e800 JavaThread "JDWP Command Reader" daemon [_thread_in_native, id=24323, stack(0x00007000071af000,0x00007000072af000)]
  0x00007f8bd185a800 JavaThread "Notification Thread" daemon [_thread_blocked, id=24579, stack(0x00007000072b2000,0x00007000073b2000)]
  0x00007f8bd109e800 JavaThread "Common-Cleaner" daemon [_thread_blocked, id=25091, stack(0x00007000074b8000,0x00007000075b8000)]
  0x00007f8bd1926800 JavaThread "jME3 Main" [_thread_in_native, id=38403, stack(0x00007000076be000,0x00007000077be000)]
  0x00007f8bd1939800 JavaThread "DestroyJavaVM" [_thread_blocked, id=5891, stack(0x0000700006079000,0x0000700006179000)]
=>0x00007f8bd017a800 JavaThread "AppKit Thread" daemon [_thread_in_native, id=775, stack(0x00007ffee6896000,0x00007ffee7096000)]
  0x00007f8bd099a800 JavaThread "AWT-Shutdown" [_thread_blocked, id=86283, stack(0x00007000077c1000,0x00007000078c1000)]

Other Threads:
  0x00007f8bd001f800 VMThread "VM Thread" [stack: 0x000070000668b000,0x000070000678b000] [id=13571]
  0x00007f8bd185b800 WatcherThread [stack: 0x00007000073b5000,0x00007000074b5000] [id=24835]
  0x00007f8bd1038000 GCTaskThread "GC Thread#0" [stack: 0x000070000617c000,0x000070000627c000] [id=20227]
  0x00007f8bd1049800 ConcurrentGCThread "G1 Main Marker" [stack: 0x000070000627f000,0x000070000637f000] [id=12803]
  0x00007f8bd104a000 ConcurrentGCThread "G1 Conc#0" [stack: 0x0000700006382000,0x0000700006482000] [id=19203]
  0x00007f8bd180e000 ConcurrentGCThread "G1 Refine#0" [stack: 0x0000700006485000,0x0000700006585000] [id=18691]
  0x00007f8bd1094000 ConcurrentGCThread "G1 Young RemSet Sampling" [stack: 0x0000700006588000,0x0000700006688000] [id=18435]

Threads with active compile tasks:

VM state:not at safepoint (normal execution)

VM Mutex/Monitor currently owned by a thread: None

Heap address: 0x0000000780000000, size: 2048 MB, Compressed Oops mode: Zero based, Oop shift amount: 3
Narrow klass base: 0x0000000800000000, Narrow klass shift: 3
Compressed class space size: 1073741824 Address: 0x0000000800b03000

Heap:
 garbage-first heap   total 133120K, used 9008K [0x0000000780000000, 0x0000000800000000)
  region size 1024K, 10 young (10240K), 0 survivors (0K)
 Metaspace       used 3852K, capacity 6273K, committed 6528K, reserved 1056768K
  class space    used 357K, capacity 595K, committed 640K, reserved 1048576K
Heap Regions: E=young(eden), S=young(survivor), O=old, HS=humongous(starts), HC=humongous(continues), CS=collection set, F=free, OA=open archive, CA=closed archive, TAMS=top-at-mark-start (previous, next)
|   0|0x0000000780000000, 0x0000000780000000, 0x0000000780100000|  0%| F|  |TAMS 0x0000000780000000, 0x0000000780000000| Untracked 
|   1|0x0000000780100000, 0x0000000780100000, 0x0000000780200000|  0%| F|  |TAMS 0x0000000780100000, 0x0000000780100000| Untracked 
|   2|0x0000000780200000, 0x0000000780200000, 0x0000000780300000|  0%| F|  |TAMS 0x0000000780200000, 0x0000000780200000| Untracked 
|   3|0x0000000780300000, 0x0000000780300000, 0x0000000780400000|  0%| F|  |TAMS 0x0000000780300000, 0x0000000780300000| Untracked 
|   4|0x0000000780400000, 0x0000000780400000, 0x0000000780500000|  0%| F|  |TAMS 0x0000000780400000, 0x0000000780400000| Untracked 
|   5|0x0000000780500000, 0x0000000780500000, 0x0000000780600000|  0%| F|  |TAMS 0x0000000780500000, 0x0000000780500000| Untracked 
|   6|0x0000000780600000, 0x0000000780600000, 0x0000000780700000|  0%| F|  |TAMS 0x0000000780600000, 0x0000000780600000| Untracked 
|   7|0x0000000780700000, 0x0000000780700000, 0x0000000780800000|  0%| F|  |TAMS 0x0000000780700000, 0x0000000780700000| Untracked 
|   8|0x0000000780800000, 0x0000000780800000, 0x0000000780900000|  0%| F|  |TAMS 0x0000000780800000, 0x0000000780800000| Untracked 
|   9|0x0000000780900000, 0x0000000780900000, 0x0000000780a00000|  0%| F|  |TAMS 0x0000000780900000, 0x0000000780900000| Untracked 
|  10|0x0000000780a00000, 0x0000000780a00000, 0x0000000780b00000|  0%| F|  |TAMS 0x0000000780a00000, 0x0000000780a00000| Untracked 
|  11|0x0000000780b00000, 0x0000000780b00000, 0x0000000780c00000|  0%| F|  |TAMS 0x0000000780b00000, 0x0000000780b00000| Untracked 
|  12|0x0000000780c00000, 0x0000000780c00000, 0x0000000780d00000|  0%| F|  |TAMS 0x0000000780c00000, 0x0000000780c00000| Untracked 
|  13|0x0000000780d00000, 0x0000000780d00000, 0x0000000780e00000|  0%| F|  |TAMS 0x0000000780d00000, 0x0000000780d00000| Untracked 
|  14|0x0000000780e00000, 0x0000000780e00000, 0x0000000780f00000|  0%| F|  |TAMS 0x0000000780e00000, 0x0000000780e00000| Untracked 
|  15|0x0000000780f00000, 0x0000000780f00000, 0x0000000781000000|  0%| F|  |TAMS 0x0000000780f00000, 0x0000000780f00000| Untracked 
|  16|0x0000000781000000, 0x0000000781000000, 0x0000000781100000|  0%| F|  |TAMS 0x0000000781000000, 0x0000000781000000| Untracked 
|  17|0x0000000781100000, 0x0000000781100000, 0x0000000781200000|  0%| F|  |TAMS 0x0000000781100000, 0x0000000781100000| Untracked 
|  18|0x0000000781200000, 0x0000000781200000, 0x0000000781300000|  0%| F|  |TAMS 0x0000000781200000, 0x0000000781200000| Untracked 
|  19|0x0000000781300000, 0x0000000781300000, 0x0000000781400000|  0%| F|  |TAMS 0x0000000781300000, 0x0000000781300000| Untracked 
|  20|0x0000000781400000, 0x0000000781400000, 0x0000000781500000|  0%| F|  |TAMS 0x0000000781400000, 0x0000000781400000| Untracked 
|  21|0x0000000781500000, 0x0000000781500000, 0x0000000781600000|  0%| F|  |TAMS 0x0000000781500000, 0x0000000781500000| Untracked 
|  22|0x0000000781600000, 0x0000000781600000, 0x0000000781700000|  0%| F|  |TAMS 0x0000000781600000, 0x0000000781600000| Untracked 
|  23|0x0000000781700000, 0x0000000781700000, 0x0000000781800000|  0%| F|  |TAMS 0x0000000781700000, 0x0000000781700000| Untracked 
|  24|0x0000000781800000, 0x0000000781800000, 0x0000000781900000|  0%| F|  |TAMS 0x0000000781800000, 0x0000000781800000| Untracked 
|  25|0x0000000781900000, 0x0000000781900000, 0x0000000781a00000|  0%| F|  |TAMS 0x0000000781900000, 0x0000000781900000| Untracked 
|  26|0x0000000781a00000, 0x0000000781a00000, 0x0000000781b00000|  0%| F|  |TAMS 0x0000000781a00000, 0x0000000781a00000| Untracked 
|  27|0x0000000781b00000, 0x0000000781b00000, 0x0000000781c00000|  0%| F|  |TAMS 0x0000000781b00000, 0x0000000781b00000| Untracked 
|  28|0x0000000781c00000, 0x0000000781c00000, 0x0000000781d00000|  0%| F|  |TAMS 0x0000000781c00000, 0x0000000781c00000| Untracked 
|  29|0x0000000781d00000, 0x0000000781d00000, 0x0000000781e00000|  0%| F|  |TAMS 0x0000000781d00000, 0x0000000781d00000| Untracked 
|  30|0x0000000781e00000, 0x0000000781e00000, 0x0000000781f00000|  0%| F|  |TAMS 0x0000000781e00000, 0x0000000781e00000| Untracked 
|  31|0x0000000781f00000, 0x0000000781f00000, 0x0000000782000000|  0%| F|  |TAMS 0x0000000781f00000, 0x0000000781f00000| Untracked 
|  32|0x0000000782000000, 0x0000000782000000, 0x0000000782100000|  0%| F|  |TAMS 0x0000000782000000, 0x0000000782000000| Untracked 
|  33|0x0000000782100000, 0x0000000782100000, 0x0000000782200000|  0%| F|  |TAMS 0x0000000782100000, 0x0000000782100000| Untracked 
|  34|0x0000000782200000, 0x0000000782200000, 0x0000000782300000|  0%| F|  |TAMS 0x0000000782200000, 0x0000000782200000| Untracked 
|  35|0x0000000782300000, 0x0000000782300000, 0x0000000782400000|  0%| F|  |TAMS 0x0000000782300000, 0x0000000782300000| Untracked 
|  36|0x0000000782400000, 0x0000000782400000, 0x0000000782500000|  0%| F|  |TAMS 0x0000000782400000, 0x0000000782400000| Untracked 
|  37|0x0000000782500000, 0x0000000782500000, 0x0000000782600000|  0%| F|  |TAMS 0x0000000782500000, 0x0000000782500000| Untracked 
|  38|0x0000000782600000, 0x0000000782600000, 0x0000000782700000|  0%| F|  |TAMS 0x0000000782600000, 0x0000000782600000| Untracked 
|  39|0x0000000782700000, 0x0000000782700000, 0x0000000782800000|  0%| F|  |TAMS 0x0000000782700000, 0x0000000782700000| Untracked 
|  40|0x0000000782800000, 0x0000000782800000, 0x0000000782900000|  0%| F|  |TAMS 0x0000000782800000, 0x0000000782800000| Untracked 
|  41|0x0000000782900000, 0x0000000782900000, 0x0000000782a00000|  0%| F|  |TAMS 0x0000000782900000, 0x0000000782900000| Untracked 
|  42|0x0000000782a00000, 0x0000000782a00000, 0x0000000782b00000|  0%| F|  |TAMS 0x0000000782a00000, 0x0000000782a00000| Untracked 
|  43|0x0000000782b00000, 0x0000000782b00000, 0x0000000782c00000|  0%| F|  |TAMS 0x0000000782b00000, 0x0000000782b00000| Untracked 
|  44|0x0000000782c00000, 0x0000000782c00000, 0x0000000782d00000|  0%| F|  |TAMS 0x0000000782c00000, 0x0000000782c00000| Untracked 
|  45|0x0000000782d00000, 0x0000000782d00000, 0x0000000782e00000|  0%| F|  |TAMS 0x0000000782d00000, 0x0000000782d00000| Untracked 
|  46|0x0000000782e00000, 0x0000000782e00000, 0x0000000782f00000|  0%| F|  |TAMS 0x0000000782e00000, 0x0000000782e00000| Untracked 
|  47|0x0000000782f00000, 0x0000000782f00000, 0x0000000783000000|  0%| F|  |TAMS 0x0000000782f00000, 0x0000000782f00000| Untracked 
|  48|0x0000000783000000, 0x0000000783000000, 0x0000000783100000|  0%| F|  |TAMS 0x0000000783000000, 0x0000000783000000| Untracked 
|  49|0x0000000783100000, 0x0000000783100000, 0x0000000783200000|  0%| F|  |TAMS 0x0000000783100000, 0x0000000783100000| Untracked 
|  50|0x0000000783200000, 0x0000000783200000, 0x0000000783300000|  0%| F|  |TAMS 0x0000000783200000, 0x0000000783200000| Untracked 
|  51|0x0000000783300000, 0x0000000783300000, 0x0000000783400000|  0%| F|  |TAMS 0x0000000783300000, 0x0000000783300000| Untracked 
|  52|0x0000000783400000, 0x0000000783400000, 0x0000000783500000|  0%| F|  |TAMS 0x0000000783400000, 0x0000000783400000| Untracked 
|  53|0x0000000783500000, 0x0000000783500000, 0x0000000783600000|  0%| F|  |TAMS 0x0000000783500000, 0x0000000783500000| Untracked 
|  54|0x0000000783600000, 0x0000000783600000, 0x0000000783700000|  0%| F|  |TAMS 0x0000000783600000, 0x0000000783600000| Untracked 
|  55|0x0000000783700000, 0x0000000783700000, 0x0000000783800000|  0%| F|  |TAMS 0x0000000783700000, 0x0000000783700000| Untracked 
|  56|0x0000000783800000, 0x0000000783800000, 0x0000000783900000|  0%| F|  |TAMS 0x0000000783800000, 0x0000000783800000| Untracked 
|  57|0x0000000783900000, 0x0000000783900000, 0x0000000783a00000|  0%| F|  |TAMS 0x0000000783900000, 0x0000000783900000| Untracked 
|  58|0x0000000783a00000, 0x0000000783a00000, 0x0000000783b00000|  0%| F|  |TAMS 0x0000000783a00000, 0x0000000783a00000| Untracked 
|  59|0x0000000783b00000, 0x0000000783b00000, 0x0000000783c00000|  0%| F|  |TAMS 0x0000000783b00000, 0x0000000783b00000| Untracked 
|  60|0x0000000783c00000, 0x0000000783c00000, 0x0000000783d00000|  0%| F|  |TAMS 0x0000000783c00000, 0x0000000783c00000| Untracked 
|  61|0x0000000783d00000, 0x0000000783d00000, 0x0000000783e00000|  0%| F|  |TAMS 0x0000000783d00000, 0x0000000783d00000| Untracked 
|  62|0x0000000783e00000, 0x0000000783e00000, 0x0000000783f00000|  0%| F|  |TAMS 0x0000000783e00000, 0x0000000783e00000| Untracked 
|  63|0x0000000783f00000, 0x0000000783f00000, 0x0000000784000000|  0%| F|  |TAMS 0x0000000783f00000, 0x0000000783f00000| Untracked 
|  64|0x0000000784000000, 0x0000000784000000, 0x0000000784100000|  0%| F|  |TAMS 0x0000000784000000, 0x0000000784000000| Untracked 
|  65|0x0000000784100000, 0x0000000784100000, 0x0000000784200000|  0%| F|  |TAMS 0x0000000784100000, 0x0000000784100000| Untracked 
|  66|0x0000000784200000, 0x0000000784200000, 0x0000000784300000|  0%| F|  |TAMS 0x0000000784200000, 0x0000000784200000| Untracked 
|  67|0x0000000784300000, 0x0000000784300000, 0x0000000784400000|  0%| F|  |TAMS 0x0000000784300000, 0x0000000784300000| Untracked 
|  68|0x0000000784400000, 0x0000000784400000, 0x0000000784500000|  0%| F|  |TAMS 0x0000000784400000, 0x0000000784400000| Untracked 
|  69|0x0000000784500000, 0x0000000784500000, 0x0000000784600000|  0%| F|  |TAMS 0x0000000784500000, 0x0000000784500000| Untracked 
|  70|0x0000000784600000, 0x0000000784600000, 0x0000000784700000|  0%| F|  |TAMS 0x0000000784600000, 0x0000000784600000| Untracked 
|  71|0x0000000784700000, 0x0000000784700000, 0x0000000784800000|  0%| F|  |TAMS 0x0000000784700000, 0x0000000784700000| Untracked 
|  72|0x0000000784800000, 0x0000000784800000, 0x0000000784900000|  0%| F|  |TAMS 0x0000000784800000, 0x0000000784800000| Untracked 
|  73|0x0000000784900000, 0x0000000784900000, 0x0000000784a00000|  0%| F|  |TAMS 0x0000000784900000, 0x0000000784900000| Untracked 
|  74|0x0000000784a00000, 0x0000000784a00000, 0x0000000784b00000|  0%| F|  |TAMS 0x0000000784a00000, 0x0000000784a00000| Untracked 
|  75|0x0000000784b00000, 0x0000000784b00000, 0x0000000784c00000|  0%| F|  |TAMS 0x0000000784b00000, 0x0000000784b00000| Untracked 
|  76|0x0000000784c00000, 0x0000000784c00000, 0x0000000784d00000|  0%| F|  |TAMS 0x0000000784c00000, 0x0000000784c00000| Untracked 
|  77|0x0000000784d00000, 0x0000000784d00000, 0x0000000784e00000|  0%| F|  |TAMS 0x0000000784d00000, 0x0000000784d00000| Untracked 
|  78|0x0000000784e00000, 0x0000000784e00000, 0x0000000784f00000|  0%| F|  |TAMS 0x0000000784e00000, 0x0000000784e00000| Untracked 
|  79|0x0000000784f00000, 0x0000000784f00000, 0x0000000785000000|  0%| F|  |TAMS 0x0000000784f00000, 0x0000000784f00000| Untracked 
|  80|0x0000000785000000, 0x0000000785000000, 0x0000000785100000|  0%| F|  |TAMS 0x0000000785000000, 0x0000000785000000| Untracked 
|  81|0x0000000785100000, 0x0000000785100000, 0x0000000785200000|  0%| F|  |TAMS 0x0000000785100000, 0x0000000785100000| Untracked 
|  82|0x0000000785200000, 0x0000000785200000, 0x0000000785300000|  0%| F|  |TAMS 0x0000000785200000, 0x0000000785200000| Untracked 
|  83|0x0000000785300000, 0x0000000785300000, 0x0000000785400000|  0%| F|  |TAMS 0x0000000785300000, 0x0000000785300000| Untracked 
|  84|0x0000000785400000, 0x0000000785400000, 0x0000000785500000|  0%| F|  |TAMS 0x0000000785400000, 0x0000000785400000| Untracked 
|  85|0x0000000785500000, 0x0000000785500000, 0x0000000785600000|  0%| F|  |TAMS 0x0000000785500000, 0x0000000785500000| Untracked 
|  86|0x0000000785600000, 0x0000000785600000, 0x0000000785700000|  0%| F|  |TAMS 0x0000000785600000, 0x0000000785600000| Untracked 
|  87|0x0000000785700000, 0x0000000785700000, 0x0000000785800000|  0%| F|  |TAMS 0x0000000785700000, 0x0000000785700000| Untracked 
|  88|0x0000000785800000, 0x0000000785800000, 0x0000000785900000|  0%| F|  |TAMS 0x0000000785800000, 0x0000000785800000| Untracked 
|  89|0x0000000785900000, 0x0000000785900000, 0x0000000785a00000|  0%| F|  |TAMS 0x0000000785900000, 0x0000000785900000| Untracked 
|  90|0x0000000785a00000, 0x0000000785a00000, 0x0000000785b00000|  0%| F|  |TAMS 0x0000000785a00000, 0x0000000785a00000| Untracked 
|  91|0x0000000785b00000, 0x0000000785b00000, 0x0000000785c00000|  0%| F|  |TAMS 0x0000000785b00000, 0x0000000785b00000| Untracked 
|  92|0x0000000785c00000, 0x0000000785c00000, 0x0000000785d00000|  0%| F|  |TAMS 0x0000000785c00000, 0x0000000785c00000| Untracked 
|  93|0x0000000785d00000, 0x0000000785d00000, 0x0000000785e00000|  0%| F|  |TAMS 0x0000000785d00000, 0x0000000785d00000| Untracked 
|  94|0x0000000785e00000, 0x0000000785e00000, 0x0000000785f00000|  0%| F|  |TAMS 0x0000000785e00000, 0x0000000785e00000| Untracked 
|  95|0x0000000785f00000, 0x0000000785f00000, 0x0000000786000000|  0%| F|  |TAMS 0x0000000785f00000, 0x0000000785f00000| Untracked 
|  96|0x0000000786000000, 0x0000000786000000, 0x0000000786100000|  0%| F|  |TAMS 0x0000000786000000, 0x0000000786000000| Untracked 
|  97|0x0000000786100000, 0x0000000786100000, 0x0000000786200000|  0%| F|  |TAMS 0x0000000786100000, 0x0000000786100000| Untracked 
|  98|0x0000000786200000, 0x0000000786200000, 0x0000000786300000|  0%| F|  |TAMS 0x0000000786200000, 0x0000000786200000| Untracked 
|  99|0x0000000786300000, 0x0000000786300000, 0x0000000786400000|  0%| F|  |TAMS 0x0000000786300000, 0x0000000786300000| Untracked 
| 100|0x0000000786400000, 0x0000000786400000, 0x0000000786500000|  0%| F|  |TAMS 0x0000000786400000, 0x0000000786400000| Untracked 
| 101|0x0000000786500000, 0x0000000786500000, 0x0000000786600000|  0%| F|  |TAMS 0x0000000786500000, 0x0000000786500000| Untracked 
| 102|0x0000000786600000, 0x0000000786600000, 0x0000000786700000|  0%| F|  |TAMS 0x0000000786600000, 0x0000000786600000| Untracked 
| 103|0x0000000786700000, 0x0000000786700000, 0x0000000786800000|  0%| F|  |TAMS 0x0000000786700000, 0x0000000786700000| Untracked 
| 104|0x0000000786800000, 0x0000000786800000, 0x0000000786900000|  0%| F|  |TAMS 0x0000000786800000, 0x0000000786800000| Untracked 
| 105|0x0000000786900000, 0x0000000786900000, 0x0000000786a00000|  0%| F|  |TAMS 0x0000000786900000, 0x0000000786900000| Untracked 
| 106|0x0000000786a00000, 0x0000000786a00000, 0x0000000786b00000|  0%| F|  |TAMS 0x0000000786a00000, 0x0000000786a00000| Untracked 
| 107|0x0000000786b00000, 0x0000000786b00000, 0x0000000786c00000|  0%| F|  |TAMS 0x0000000786b00000, 0x0000000786b00000| Untracked 
| 108|0x0000000786c00000, 0x0000000786c00000, 0x0000000786d00000|  0%| F|  |TAMS 0x0000000786c00000, 0x0000000786c00000| Untracked 
| 109|0x0000000786d00000, 0x0000000786d00000, 0x0000000786e00000|  0%| F|  |TAMS 0x0000000786d00000, 0x0000000786d00000| Untracked 
| 110|0x0000000786e00000, 0x0000000786e00000, 0x0000000786f00000|  0%| F|  |TAMS 0x0000000786e00000, 0x0000000786e00000| Untracked 
| 111|0x0000000786f00000, 0x0000000786f00000, 0x0000000787000000|  0%| F|  |TAMS 0x0000000786f00000, 0x0000000786f00000| Untracked 
| 112|0x0000000787000000, 0x0000000787000000, 0x0000000787100000|  0%| F|  |TAMS 0x0000000787000000, 0x0000000787000000| Untracked 
| 113|0x0000000787100000, 0x0000000787100000, 0x0000000787200000|  0%| F|  |TAMS 0x0000000787100000, 0x0000000787100000| Untracked 
| 114|0x0000000787200000, 0x0000000787200000, 0x0000000787300000|  0%| F|  |TAMS 0x0000000787200000, 0x0000000787200000| Untracked 
| 115|0x0000000787300000, 0x0000000787300000, 0x0000000787400000|  0%| F|  |TAMS 0x0000000787300000, 0x0000000787300000| Untracked 
| 116|0x0000000787400000, 0x0000000787400000, 0x0000000787500000|  0%| F|  |TAMS 0x0000000787400000, 0x0000000787400000| Untracked 
| 117|0x0000000787500000, 0x0000000787500000, 0x0000000787600000|  0%| F|  |TAMS 0x0000000787500000, 0x0000000787500000| Untracked 
| 118|0x0000000787600000, 0x00000007876320f0, 0x0000000787700000| 19%| E|  |TAMS 0x0000000787600000, 0x0000000787600000| Complete 
| 119|0x0000000787700000, 0x00000007877e8fb0, 0x0000000787800000| 91%| E|  |TAMS 0x0000000787700000, 0x0000000787700000| Complete 
| 120|0x0000000787800000, 0x0000000787900000, 0x0000000787900000|100%| E|CS|TAMS 0x0000000787800000, 0x0000000787800000| Complete 
| 121|0x0000000787900000, 0x0000000787a00000, 0x0000000787a00000|100%| E|CS|TAMS 0x0000000787900000, 0x0000000787900000| Complete 
| 122|0x0000000787a00000, 0x0000000787b00000, 0x0000000787b00000|100%| E|CS|TAMS 0x0000000787a00000, 0x0000000787a00000| Complete 
| 123|0x0000000787b00000, 0x0000000787c00000, 0x0000000787c00000|100%| E|CS|TAMS 0x0000000787b00000, 0x0000000787b00000| Complete 
| 124|0x0000000787c00000, 0x0000000787d00000, 0x0000000787d00000|100%| E|CS|TAMS 0x0000000787c00000, 0x0000000787c00000| Complete 
| 125|0x0000000787d00000, 0x0000000787e00000, 0x0000000787e00000|100%| E|CS|TAMS 0x0000000787d00000, 0x0000000787d00000| Complete 
| 126|0x0000000787e00000, 0x0000000787f00000, 0x0000000787f00000|100%| E|CS|TAMS 0x0000000787e00000, 0x0000000787e00000| Complete 
| 127|0x0000000787f00000, 0x0000000788000000, 0x0000000788000000|100%| E|CS|TAMS 0x0000000787f00000, 0x0000000787f00000| Complete 
|1022|0x00000007bfe00000, 0x00000007bfe51000, 0x00000007bff00000| 31%|OA|  |TAMS 0x00000007bfe00000, 0x00000007bfe00000| Untracked 
|1023|0x00000007bff00000, 0x00000007bff7b000, 0x00000007c0000000| 48%|CA|  |TAMS 0x00000007bff00000, 0x00000007bff00000| Untracked 

Card table byte_map: [0x0000000112f7c000,0x000000011337c000] _byte_map_base: 0x000000010f37c000

Marking Bits (Prev, Next): (CMBitMap*) 0x00007f8bd1038c18, (CMBitMap*) 0x00007f8bd1038c58
 Prev Bits: [0x000000011377c000, 0x000000011577c000)
 Next Bits: [0x0000000125c6c000, 0x0000000127c6c000)

Polling page: 0x0000000108ba2000

Metaspace:

Usage:
  Non-class:      5.54 MB capacity,     3.41 MB ( 62%) used,     2.12 MB ( 38%) free+waste,    10.12 KB ( <1%) overhead. 
      Class:    595.00 KB capacity,   357.52 KB ( 60%) used,   232.29 KB ( 39%) free+waste,     5.19 KB ( <1%) overhead. 
       Both:      6.13 MB capacity,     3.76 MB ( 61%) used,     2.35 MB ( 38%) free+waste,    15.31 KB ( <1%) overhead. 

Virtual space:
  Non-class space:        8.00 MB reserved,       5.75 MB ( 72%) committed 
      Class space:        1.00 GB reserved,     640.00 KB ( <1%) committed 
             Both:        1.01 GB reserved,       6.38 MB ( <1%) committed 

Chunk freelists:
   Non-Class:  78.00 KB
       Class:  1.00 KB
        Both:  79.00 KB

MaxMetaspaceSize: unlimited
CompressedClassSpaceSize: 1.00 GB

CodeHeap 'non-profiled nmethods': size=120032Kb used=228Kb max_used=228Kb free=119803Kb
 bounds [0x000000011e734000, 0x000000011e9a4000, 0x0000000125c6c000]
CodeHeap 'profiled nmethods': size=120028Kb used=1150Kb max_used=1150Kb free=118877Kb
 bounds [0x00000001171fd000, 0x000000011746d000, 0x000000011e734000]
CodeHeap 'non-nmethods': size=5700Kb used=1247Kb max_used=1259Kb free=4452Kb
 bounds [0x0000000116c6c000, 0x0000000116edc000, 0x00000001171fd000]
 total_blobs=1268 nmethods=670 adapters=354
 compilation: enabled
              stopped_count=0, restarted_count=0
 full_count=0

Compilation events (20 events):
Event: 0.984 Thread 0x00007f8bd109c000  654       1       java.util.LinkedHashMap::removeEldestEntry (2 bytes)
Event: 0.984 Thread 0x00007f8bd109c000 nmethod 654 0x000000011e76c310 code [0x000000011e76c4a0, 0x000000011e76c570]
Event: 0.984 Thread 0x00007f8bd109c000  661       3       java.lang.reflect.Field::setFieldAccessor (34 bytes)
Event: 0.985 Thread 0x00007f8bd109c000 nmethod 661 0x0000000117318a90 code [0x0000000117318c60, 0x00000001173190e0]
Event: 0.985 Thread 0x00007f8bd109c000  662       3       java.lang.reflect.Modifier::isFinal (13 bytes)
Event: 0.985 Thread 0x00007f8bd109c000 nmethod 662 0x0000000117319210 code [0x00000001173193a0, 0x00000001173194d0]
Event: 0.985 Thread 0x00007f8bd109c000  664       3       java.util.WeakHashMap::remove (133 bytes)
Event: 0.986 Thread 0x00007f8bd109c000 nmethod 664 0x0000000117319590 code [0x00000001173197c0, 0x000000011731a340]
Event: 0.986 Thread 0x00007f8bd109c000  660       1       java.lang.reflect.Field::getRoot (5 bytes)
Event: 0.986 Thread 0x00007f8bd109c000 nmethod 660 0x000000011e76c610 code [0x000000011e76c7a0, 0x000000011e76c870]
Event: 0.986 Thread 0x00007f8bd109c000  663       3       java.util.Collections$SetFromMap::remove (19 bytes)
Event: 0.986 Thread 0x00007f8bd109c000 nmethod 663 0x000000011731a790 code [0x000000011731a940, 0x000000011731aba0]
Event: 0.988 Thread 0x00007f8bd109c000  665       3       java.lang.Integer::valueOf (32 bytes)
Event: 0.989 Thread 0x00007f8bd109c000 nmethod 665 0x000000011731ac90 code [0x000000011731ae40, 0x000000011731b150]
Event: 0.989 Thread 0x00007f8bd109c000  666       3       java.nio.Buffer::remaining (10 bytes)
Event: 0.989 Thread 0x00007f8bd109c000 nmethod 666 0x000000011731b290 code [0x000000011731b420, 0x000000011731b530]
Event: 0.989 Thread 0x00007f8bd109c000  668   !   3       java.util.zip.ZipFile$ZipFileInputStream::close (59 bytes)
Event: 0.989 Thread 0x00007f8bd109c000 nmethod 668 0x000000011731b590 code [0x000000011731b740, 0x000000011731bbe0]
Event: 0.992 Thread 0x00007f8bd109c000  669       3       java.io.UnixFileSystem::getBooleanAttributes (49 bytes)
Event: 0.994 Thread 0x00007f8bd109c000 nmethod 669 0x000000011731be10 code [0x000000011731c040, 0x000000011731c7f0]

GC Heap History (0 events):
No events

Deoptimization events (18 events):
Event: 0.258 Thread 0x00007f8bd0809000 DEOPT PACKING pc=0x000000011723a8f2 sp=0x0000700006177cd0
Event: 0.258 Thread 0x00007f8bd0809000 DEOPT UNPACKING pc=0x0000000116cb533a sp=0x0000700006177158 mode 0
Event: 0.369 Thread 0x00007f8bd0809000 Uncommon trap: trap_request=0xffffff45 fr.pc=0x000000011e738dec relative=0x000000000000006c
Event: 0.369 Thread 0x00007f8bd0809000 Uncommon trap: reason=unstable_if action=reinterpret pc=0x000000011e738dec method=java.lang.String.isLatin1()Z @ 10 c2
Event: 0.369 Thread 0x00007f8bd0809000 DEOPT PACKING pc=0x000000011e738dec sp=0x0000700006178040
Event: 0.370 Thread 0x00007f8bd0809000 DEOPT UNPACKING pc=0x0000000116cb4e25 sp=0x0000700006178000 mode 2
Event: 0.381 Thread 0x00007f8bd0809000 DEOPT PACKING pc=0x000000011723856a sp=0x00007000061774b0
Event: 0.381 Thread 0x00007f8bd0809000 DEOPT UNPACKING pc=0x0000000116cb533a sp=0x0000700006176958 mode 0
Event: 0.467 Thread 0x00007f8bd0809000 DEOPT PACKING pc=0x000000011721c62f sp=0x0000700006171a10
Event: 0.467 Thread 0x00007f8bd0809000 DEOPT UNPACKING pc=0x0000000116cb533a sp=0x0000700006170eb8 mode 0
Event: 0.469 Thread 0x00007f8bd0809000 Uncommon trap: trap_request=0xffffffc6 fr.pc=0x000000011e75a99c relative=0x0000000000000b9c
Event: 0.469 Thread 0x00007f8bd0809000 Uncommon trap: reason=bimorphic_or_optimized_type_check action=maybe_recompile pc=0x000000011e75a99c method=java.util.HashMap.putVal(ILjava/lang/Object;Ljava/lang/Object;ZZ)Ljava/lang/Object; @ 152 c2
Event: 0.469 Thread 0x00007f8bd0809000 DEOPT PACKING pc=0x000000011e75a99c sp=0x0000700006174440
Event: 0.469 Thread 0x00007f8bd0809000 DEOPT UNPACKING pc=0x0000000116cb4e25 sp=0x00007000061743d0 mode 2
Event: 0.482 Thread 0x00007f8bd0809000 Uncommon trap: trap_request=0xffffff45 fr.pc=0x000000011e75a94c relative=0x0000000000000b4c
Event: 0.482 Thread 0x00007f8bd0809000 Uncommon trap: reason=unstable_if action=reinterpret pc=0x000000011e75a94c method=java.util.HashMap.putVal(ILjava/lang/Object;Ljava/lang/Object;ZZ)Ljava/lang/Object; @ 181 c2
Event: 0.482 Thread 0x00007f8bd0809000 DEOPT PACKING pc=0x000000011e75a94c sp=0x00007000061785d0
Event: 0.482 Thread 0x00007f8bd0809000 DEOPT UNPACKING pc=0x0000000116cb4e25 sp=0x00007000061785b0 mode 2

Classes unloaded (0 events):
No events

Classes redefined (0 events):
No events

Internal exceptions (5 events):
Event: 0.338 Thread 0x00007f8bd0809000 Exception <a 'java/lang/ClassNotFoundException'{0x0000000787b69f18}: sun/util/logging/resources/spi/loggingProvider> (0x0000000787b69f18) 
thrown [/scratch/mesos/slaves/7cfa21b9-afde-4338-a459-d3e0a13ec793-S740/frameworks/1735e8a2-a1db-478c-8104-60c8b0af87dd-0196/executors/de7b74e7-4747-4705-830f-bc849aa2c2fa/runs/c05fff86-f66c-4825-8643-654ca1c755a8/workspace/open/src/hotspot/share/classfile/systemDictionary.cpp, line 226]
Event: 0.506 Thread 0x00007f8bd1926800 Exception <a 'java/lang/ClassNotFoundException'{0x000000078780b718}: sun/awt/resources/spi/awtProvider> (0x000000078780b718) 
thrown [/scratch/mesos/slaves/7cfa21b9-afde-4338-a459-d3e0a13ec793-S740/frameworks/1735e8a2-a1db-478c-8104-60c8b0af87dd-0196/executors/de7b74e7-4747-4705-830f-bc849aa2c2fa/runs/c05fff86-f66c-4825-8643-654ca1c755a8/workspace/open/src/hotspot/share/classfile/systemDictionary.cpp, line 226]
Event: 0.516 Thread 0x00007f8bd1926800 Exception <a 'java/io/FileNotFoundException'{0x0000000787810180}> (0x0000000787810180) 
thrown [/scratch/mesos/slaves/7cfa21b9-afde-4338-a459-d3e0a13ec793-S740/frameworks/1735e8a2-a1db-478c-8104-60c8b0af87dd-0196/executors/de7b74e7-4747-4705-830f-bc849aa2c2fa/runs/c05fff86-f66c-4825-8643-654ca1c755a8/workspace/open/src/hotspot/share/prims/jni.cpp, line 599]
Event: 0.527 Thread 0x00007f8bd1926800 Exception <a 'java/io/FileNotFoundException'{0x00000007878363b8}> (0x00000007878363b8) 
thrown [/scratch/mesos/slaves/7cfa21b9-afde-4338-a459-d3e0a13ec793-S740/frameworks/1735e8a2-a1db-478c-8104-60c8b0af87dd-0196/executors/de7b74e7-4747-4705-830f-bc849aa2c2fa/runs/c05fff86-f66c-4825-8643-654ca1c755a8/workspace/open/src/hotspot/share/prims/jni.cpp, line 599]
Event: 0.534 Thread 0x00007f8bd1926800 Exception <a 'java/lang/ClassNotFoundException'{0x0000000787839e88}: sun/awt/resources/spi/awtosxProvider> (0x0000000787839e88) 
thrown [/scratch/mesos/slaves/7cfa21b9-afde-4338-a459-d3e0a13ec793-S740/frameworks/1735e8a2-a1db-478c-8104-60c8b0af87dd-0196/executors/de7b74e7-4747-4705-830f-bc849aa2c2fa/runs/c05fff86-f66c-4825-8643-654ca1c755a8/workspace/open/src/hotspot/share/classfile/systemDictionary.cpp, line 226]

Events (20 events):
Event: 0.930 loading class jdk/internal/reflect/UnsafeQualifiedStaticFieldAccessorImpl done
Event: 0.930 loading class jdk/internal/reflect/UnsafeQualifiedStaticObjectFieldAccessorImpl done
Event: 0.931 loading class jdk/internal/access/foreign/MemorySegmentProxy
Event: 0.931 loading class jdk/internal/access/foreign/MemorySegmentProxy done
Event: 0.932 loading class java/nio/StringCharBuffer
Event: 0.932 loading class java/nio/StringCharBuffer done
Event: 0.969 loading class java/awt/IllegalComponentStateException
Event: 0.970 loading class java/awt/IllegalComponentStateException done
Event: 0.970 loading class java/awt/Point
Event: 0.970 loading class java/awt/geom/Point2D
Event: 0.970 loading class java/awt/geom/Point2D done
Event: 0.970 loading class java/awt/Point done
Event: 0.970 loading class java/awt/GraphicsConfiguration
Event: 0.970 loading class java/awt/GraphicsConfiguration done
Event: 0.973 loading class java/util/LinkedHashSet
Event: 0.973 loading class java/util/LinkedHashSet done
Event: 0.974 loading class jdk/internal/reflect/UnsafeQualifiedStaticIntegerFieldAccessorImpl
Event: 0.974 loading class jdk/internal/reflect/UnsafeQualifiedStaticIntegerFieldAccessorImpl done
Event: 0.994 loading class java/lang/NumberFormatException
Event: 0.994 loading class java/lang/NumberFormatException done


Dynamic libraries:
0x00007fff68d88000 	/usr/lib/libz.1.dylib
0x0000000108b72000 	/Library/Java/JavaVirtualMachines/openjdk-14.jdk/Contents/Home/lib/libjli.dylib
0x00007fff2e948000 	/System/Library/Frameworks/Cocoa.framework/Versions/A/Cocoa
0x00007fff3c130000 	/System/Library/Frameworks/Security.framework/Versions/A/Security
0x00007fff2d8af000 	/System/Library/Frameworks/ApplicationServices.framework/Versions/A/ApplicationServices
0x00007fff6684c000 	/usr/lib/libSystem.B.dylib
0x00007fff69648000 	/usr/lib/system/libcache.dylib
0x00007fff6964e000 	/usr/lib/system/libcommonCrypto.dylib
0x00007fff6965a000 	/usr/lib/system/libcompiler_rt.dylib
0x00007fff69662000 	/usr/lib/system/libcopyfile.dylib
0x00007fff6966c000 	/usr/lib/system/libcorecrypto.dylib
0x00007fff6980b000 	/usr/lib/system/libdispatch.dylib
0x00007fff6984c000 	/usr/lib/system/libdyld.dylib
0x00007fff69883000 	/usr/lib/system/libkeymgr.dylib
0x00007fff69891000 	/usr/lib/system/liblaunch.dylib
0x00007fff69892000 	/usr/lib/system/libmacho.dylib
0x00007fff69898000 	/usr/lib/system/libquarantine.dylib
0x00007fff6989b000 	/usr/lib/system/libremovefile.dylib
0x00007fff6989d000 	/usr/lib/system/libsystem_asl.dylib
0x00007fff698b5000 	/usr/lib/system/libsystem_blocks.dylib
0x00007fff698b6000 	/usr/lib/system/libsystem_c.dylib
0x00007fff6993e000 	/usr/lib/system/libsystem_configuration.dylib
0x00007fff69942000 	/usr/lib/system/libsystem_coreservices.dylib
0x00007fff69946000 	/usr/lib/system/libsystem_darwin.dylib
0x00007fff6994f000 	/usr/lib/system/libsystem_dnssd.dylib
0x00007fff69957000 	/usr/lib/system/libsystem_featureflags.dylib
0x00007fff69959000 	/usr/lib/system/libsystem_info.dylib
0x00007fff699d4000 	/usr/lib/system/libsystem_m.dylib
0x00007fff69a1c000 	/usr/lib/system/libsystem_malloc.dylib
0x00007fff69a44000 	/usr/lib/system/libsystem_networkextension.dylib
0x00007fff69a52000 	/usr/lib/system/libsystem_notify.dylib
0x00007fff69a70000 	/usr/lib/system/libsystem_sandbox.dylib
0x00007fff69a75000 	/usr/lib/system/libsystem_secinit.dylib
0x00007fff699a7000 	/usr/lib/system/libsystem_kernel.dylib
0x00007fff69a5c000 	/usr/lib/system/libsystem_platform.dylib
0x00007fff69a65000 	/usr/lib/system/libsystem_pthread.dylib
0x00007fff69a78000 	/usr/lib/system/libsystem_symptoms.dylib
0x00007fff69a80000 	/usr/lib/system/libsystem_trace.dylib
0x00007fff69a98000 	/usr/lib/system/libunwind.dylib
0x00007fff69a9e000 	/usr/lib/system/libxpc.dylib
0x00007fff686ac000 	/usr/lib/libobjc.A.dylib
0x00007fff66b85000 	/usr/lib/libc++abi.dylib
0x00007fff66b32000 	/usr/lib/libc++.1.dylib
0x00007fff2f7e8000 	/System/Library/Frameworks/CoreFoundation.framework/Versions/A/CoreFoundation
0x00007fff31ea2000 	/System/Library/Frameworks/Foundation.framework/Versions/C/Foundation
0x00007fff2ca9f000 	/System/Library/Frameworks/AppKit.framework/Versions/C/AppKit
0x00007fff2f2cc000 	/System/Library/Frameworks/CoreData.framework/Versions/A/CoreData
0x00007fff60867000 	/System/Library/PrivateFrameworks/UIFoundation.framework/Versions/A/UIFoundation
0x00007fff5b90b000 	/System/Library/PrivateFrameworks/RemoteViewServices.framework/Versions/A/RemoteViewServices
0x00007fff633bc000 	/System/Library/PrivateFrameworks/XCTTargetBootstrap.framework/Versions/A/XCTTargetBootstrap
0x00007fff2f6b7000 	/System/Library/Frameworks/CoreDisplay.framework/Versions/A/CoreDisplay
0x00007fff34d5d000 	/System/Library/Frameworks/Metal.framework/Versions/A/Metal
0x00007fff49917000 	/System/Library/PrivateFrameworks/DesktopServicesPriv.framework/Versions/A/DesktopServicesPriv
0x00007fff67987000 	/usr/lib/liblangid.dylib
0x00007fff48baf000 	/System/Library/PrivateFrameworks/CoreSVG.framework/Versions/A/CoreSVG
0x00007fff5ea64000 	/System/Library/PrivateFrameworks/SkyLight.framework/Versions/A/SkyLight
0x00007fff2fc69000 	/System/Library/Frameworks/CoreGraphics.framework/Versions/A/CoreGraphics
0x00007fff2b473000 	/System/Library/Frameworks/Accelerate.framework/Versions/A/Accelerate
0x00007fff68c79000 	/usr/lib/libxml2.2.dylib
0x00007fff548a4000 	/System/Library/PrivateFrameworks/IconServices.framework/Versions/A/IconServices
0x00007fff32681000 	/System/Library/Frameworks/IOSurface.framework/Versions/A/IOSurface
0x00007fff66376000 	/usr/lib/libDiagnosticMessagesClient.dylib
0x00007fff49771000 	/System/Library/PrivateFrameworks/DFRFoundation.framework/Versions/A/DFRFoundation
0x00007fff67716000 	/usr/lib/libicucore.A.dylib
0x00007fff2dbe1000 	/System/Library/Frameworks/AudioToolbox.framework/Versions/A/AudioToolbox
0x00007fff2dcc4000 	/System/Library/Frameworks/AudioUnit.framework/Versions/A/AudioUnit
0x00007fff66a4e000 	/usr/lib/libauto.dylib
0x00007fff49813000 	/System/Library/PrivateFrameworks/DataDetectorsCore.framework/Versions/A/DataDetectorsCore
0x00007fff2e469000 	/System/Library/Frameworks/Carbon.framework/Versions/A/Frameworks/HIToolbox.framework/Versions/A/HIToolbox
0x00007fff3b32d000 	/System/Library/Frameworks/QuartzCore.framework/Versions/A/QuartzCore
0x00007fff2e7a8000 	/System/Library/Frameworks/Carbon.framework/Versions/A/Frameworks/SpeechRecognition.framework/Versions/A/SpeechRecognition
0x00007fff49288000 	/System/Library/PrivateFrameworks/CoreUI.framework/Versions/A/CoreUI
0x00007fff2ed37000 	/System/Library/Frameworks/CoreAudio.framework/Versions/A/CoreAudio
0x00007fff31b63000 	/System/Library/Frameworks/DiskArbitration.framework/Versions/A/DiskArbitration
0x00007fff568f2000 	/System/Library/PrivateFrameworks/MultitouchSupport.framework/Versions/A/MultitouchSupport
0x00007fff675dd000 	/usr/lib/libenergytrace.dylib
0x00007fff325db000 	/System/Library/Frameworks/IOKit.framework/Versions/A/IOKit
0x00007fff30bcf000 	/System/Library/Frameworks/CoreServices.framework/Versions/A/CoreServices
0x00007fff58aa1000 	/System/Library/PrivateFrameworks/PerformanceAnalysis.framework/Versions/A/PerformanceAnalysis
0x00007fff3a360000 	/System/Library/Frameworks/OpenGL.framework/Versions/A/OpenGL
0x00007fff2e956000 	/System/Library/Frameworks/ColorSync.framework/Versions/A/ColorSync
0x00007fff302eb000 	/System/Library/Frameworks/CoreImage.framework/Versions/A/CoreImage
0x00007fff31642000 	/System/Library/Frameworks/CoreText.framework/Versions/A/CoreText
0x00007fff32711000 	/System/Library/Frameworks/ImageIO.framework/Versions/A/ImageIO
0x00007fff66bae000 	/usr/lib/libcompression.dylib
0x00007fff666ba000 	/usr/lib/libMobileGestalt.dylib
0x00007fff605dc000 	/System/Library/PrivateFrameworks/TextureIO.framework/Versions/A/TextureIO
0x00007fff669b1000 	/usr/lib/libate.dylib
0x00007fff54aad000 	/System/Library/PrivateFrameworks/InternationalSupport.framework/Versions/A/InternationalSupport
0x00007fff67989000 	/usr/lib/liblzma.5.dylib
0x00007fff67604000 	/usr/lib/libfakelink.dylib
0x00007fff6693e000 	/usr/lib/libarchive.2.dylib
0x00007fff3d1e1000 	/System/Library/Frameworks/SystemConfiguration.framework/Versions/A/SystemConfiguration
0x00007fff662a9000 	/usr/lib/libCRFSuite.dylib
0x00007fff2e05a000 	/System/Library/Frameworks/CFNetwork.framework/Versions/A/CFNetwork
0x00007fff66b14000 	/usr/lib/libbsm.0.dylib
0x00007fff69884000 	/usr/lib/system/libkxld.dylib
0x00007fff430fd000 	/System/Library/PrivateFrameworks/AppleFSCompression.framework/Versions/A/AppleFSCompression
0x00007fff66e9f000 	/usr/lib/libcoretls.dylib
0x00007fff66eb6000 	/usr/lib/libcoretls_cfhelpers.dylib
0x00007fff686f2000 	/usr/lib/libpam.2.dylib
0x00007fff68827000 	/usr/lib/libsqlite3.dylib
0x00007fff68c66000 	/usr/lib/libxar.1.dylib
0x00007fff66b25000 	/usr/lib/libbz2.1.0.dylib
0x00007fff67625000 	/usr/lib/libiconv.2.dylib
0x00007fff66b9b000 	/usr/lib/libcharset.1.dylib
0x00007fff6818f000 	/usr/lib/libnetwork.dylib
0x00007fff686f9000 	/usr/lib/libpcap.A.dylib
0x00007fff668f3000 	/usr/lib/libapple_nghttp2.dylib
0x00007fff30f86000 	/System/Library/Frameworks/CoreServices.framework/Versions/A/Frameworks/FSEvents.framework/Versions/A/FSEvents
0x00007fff30c56000 	/System/Library/Frameworks/CoreServices.framework/Versions/A/Frameworks/CarbonCore.framework/Versions/A/CarbonCore
0x00007fff311ca000 	/System/Library/Frameworks/CoreServices.framework/Versions/A/Frameworks/Metadata.framework/Versions/A/Metadata
0x00007fff31263000 	/System/Library/Frameworks/CoreServices.framework/Versions/A/Frameworks/OSServices.framework/Versions/A/OSServices
0x00007fff31291000 	/System/Library/Frameworks/CoreServices.framework/Versions/A/Frameworks/SearchKit.framework/Versions/A/SearchKit
0x00007fff30bd0000 	/System/Library/Frameworks/CoreServices.framework/Versions/A/Frameworks/AE.framework/Versions/A/AE
0x00007fff30f8f000 	/System/Library/Frameworks/CoreServices.framework/Versions/A/Frameworks/LaunchServices.framework/Versions/A/LaunchServices
0x00007fff30f38000 	/System/Library/Frameworks/CoreServices.framework/Versions/A/Frameworks/DictionaryServices.framework/Versions/A/DictionaryServices
0x00007fff312f9000 	/System/Library/Frameworks/CoreServices.framework/Versions/A/Frameworks/SharedFileList.framework/Versions/A/SharedFileList
0x00007fff36180000 	/System/Library/Frameworks/NetFS.framework/Versions/A/NetFS
0x00007fff56e22000 	/System/Library/PrivateFrameworks/NetAuth.framework/Versions/A/NetAuth
0x00007fff63789000 	/System/Library/PrivateFrameworks/login.framework/Versions/A/Frameworks/loginsupport.framework/Versions/A/loginsupport
0x00007fff600a7000 	/System/Library/PrivateFrameworks/TCC.framework/Versions/A/TCC
0x00007fff47d22000 	/System/Library/PrivateFrameworks/CoreNLP.framework/Versions/A/CoreNLP
0x00007fff5631f000 	/System/Library/PrivateFrameworks/MetadataUtilities.framework/Versions/A/MetadataUtilities
0x00007fff67a61000 	/usr/lib/libmecabra.dylib
0x00007fff679b9000 	/usr/lib/libmecab.dylib
0x00007fff67615000 	/usr/lib/libgermantok.dylib
0x00007fff668da000 	/usr/lib/libThaiTokenizer.dylib
0x00007fff662e0000 	/usr/lib/libChineseTokenizer.dylib
0x00007fff2b48b000 	/System/Library/Frameworks/Accelerate.framework/Versions/A/Frameworks/vImage.framework/Versions/A/vImage
0x00007fff2c8f5000 	/System/Library/Frameworks/Accelerate.framework/Versions/A/Frameworks/vecLib.framework/Versions/A/vecLib
0x00007fff2c832000 	/System/Library/Frameworks/Accelerate.framework/Versions/A/Frameworks/vecLib.framework/Versions/A/libvMisc.dylib
0x00007fff2c65a000 	/System/Library/Frameworks/Accelerate.framework/Versions/A/Frameworks/vecLib.framework/Versions/A/libvDSP.dylib
0x00007fff2bae2000 	/System/Library/Frameworks/Accelerate.framework/Versions/A/Frameworks/vecLib.framework/Versions/A/libBLAS.dylib
0x00007fff2c21e000 	/System/Library/Frameworks/Accelerate.framework/Versions/A/Frameworks/vecLib.framework/Versions/A/libLAPACK.dylib
0x00007fff2c5ba000 	/System/Library/Frameworks/Accelerate.framework/Versions/A/Frameworks/vecLib.framework/Versions/A/libLinearAlgebra.dylib
0x00007fff2c647000 	/System/Library/Frameworks/Accelerate.framework/Versions/A/Frameworks/vecLib.framework/Versions/A/libSparseBLAS.dylib
0x00007fff2c5d0000 	/System/Library/Frameworks/Accelerate.framework/Versions/A/Frameworks/vecLib.framework/Versions/A/libQuadrature.dylib
0x00007fff2bd4a000 	/System/Library/Frameworks/Accelerate.framework/Versions/A/Frameworks/vecLib.framework/Versions/A/libBNNS.dylib
0x00007fff2c5d6000 	/System/Library/Frameworks/Accelerate.framework/Versions/A/Frameworks/vecLib.framework/Versions/A/libSparse.dylib
0x00007fff54e95000 	/System/Library/PrivateFrameworks/LanguageModeling.framework/Versions/A/LanguageModeling
0x00007fff476d2000 	/System/Library/PrivateFrameworks/CoreEmoji.framework/Versions/A/CoreEmoji
0x00007fff54fb3000 	/System/Library/PrivateFrameworks/LinguisticData.framework/Versions/A/LinguisticData
0x00007fff54f64000 	/System/Library/PrivateFrameworks/Lexicon.framework/Versions/A/Lexicon
0x00007fff66b9c000 	/usr/lib/libcmph.dylib
0x00007fff38d6e000 	/System/Library/Frameworks/OpenDirectory.framework/Versions/A/Frameworks/CFOpenDirectory.framework/Versions/A/CFOpenDirectory
0x00007fff38d8b000 	/System/Library/Frameworks/OpenDirectory.framework/Versions/A/OpenDirectory
0x00007fff411b0000 	/System/Library/PrivateFrameworks/APFS.framework/Versions/A/APFS
0x00007fff3c47a000 	/System/Library/Frameworks/SecurityFoundation.framework/Versions/A/SecurityFoundation
0x00007fff68c62000 	/usr/lib/libutil.dylib
0x00007fff48c07000 	/System/Library/PrivateFrameworks/CoreServicesStore.framework/Versions/A/CoreServicesStore
0x00007fff3c531000 	/System/Library/Frameworks/ServiceManagement.framework/Versions/A/ServiceManagement
0x00007fff448cc000 	/System/Library/PrivateFrameworks/BackgroundTaskManagement.framework/Versions/A/BackgroundTaskManagement
0x00007fff68d5f000 	/usr/lib/libxslt.1.dylib
0x00007fff43770000 	/System/Library/PrivateFrameworks/AppleSystemInfo.framework/Versions/A/AppleSystemInfo
0x00007fff3292c000 	/System/Library/Frameworks/ImageIO.framework/Versions/A/Resources/libJPEG.dylib
0x00007fff32be8000 	/System/Library/Frameworks/ImageIO.framework/Versions/A/Resources/libTIFF.dylib
0x00007fff32bcb000 	/System/Library/Frameworks/ImageIO.framework/Versions/A/Resources/libPng.dylib
0x00007fff3286e000 	/System/Library/Frameworks/ImageIO.framework/Versions/A/Resources/libGIF.dylib
0x00007fff32872000 	/System/Library/Frameworks/ImageIO.framework/Versions/A/Resources/libJP2.dylib
0x00007fff32be6000 	/System/Library/Frameworks/ImageIO.framework/Versions/A/Resources/libRadiance.dylib
0x00007fff675de000 	/usr/lib/libexpat.1.dylib
0x00007fff43258000 	/System/Library/PrivateFrameworks/AppleJPEG.framework/Versions/A/AppleJPEG
0x00007fff4bf06000 	/System/Library/PrivateFrameworks/FontServices.framework/libFontParser.dylib
0x00007fff6278e000 	/System/Library/PrivateFrameworks/WatchdogClient.framework/Versions/A/WatchdogClient
0x00007fff544f0000 	/System/Library/PrivateFrameworks/IOAccelerator.framework/Versions/A/IOAccelerator
0x00007fff350f8000 	/System/Library/Frameworks/MetalPerformanceShaders.framework/Versions/A/MetalPerformanceShaders
0x00007fff50c87000 	/System/Library/PrivateFrameworks/GPUWrangler.framework/Versions/A/GPUWrangler
0x00007fff54505000 	/System/Library/PrivateFrameworks/IOPresentment.framework/Versions/A/IOPresentment
0x00007fff49784000 	/System/Library/PrivateFrameworks/DSExternalDisplay.framework/Versions/A/DSExternalDisplay
0x00007fff396ff000 	/System/Library/Frameworks/OpenGL.framework/Versions/A/Libraries/libCoreFSCache.dylib
0x00007fff34e44000 	/System/Library/Frameworks/MetalPerformanceShaders.framework/Frameworks/MPSCore.framework/Versions/A/MPSCore
0x00007fff34e82000 	/System/Library/Frameworks/MetalPerformanceShaders.framework/Frameworks/MPSImage.framework/Versions/A/MPSImage
0x00007fff34f49000 	/System/Library/Frameworks/MetalPerformanceShaders.framework/Frameworks/MPSNeuralNetwork.framework/Versions/A/MPSNeuralNetwork
0x00007fff34f0d000 	/System/Library/Frameworks/MetalPerformanceShaders.framework/Frameworks/MPSMatrix.framework/Versions/A/MPSMatrix
0x00007fff350a8000 	/System/Library/Frameworks/MetalPerformanceShaders.framework/Frameworks/MPSRayIntersector.framework/Versions/A/MPSRayIntersector
0x00007fff34f33000 	/System/Library/Frameworks/MetalPerformanceShaders.framework/Frameworks/MPSNDArray.framework/Versions/A/MPSNDArray
0x00007fff5636c000 	/System/Library/PrivateFrameworks/MetalTools.framework/Versions/A/MetalTools
0x00007fff42385000 	/System/Library/PrivateFrameworks/AggregateDictionary.framework/Versions/A/AggregateDictionary
0x00007fff4711c000 	/System/Library/PrivateFrameworks/CoreAnalytics.framework/Versions/A/CoreAnalytics
0x00007fff4368f000 	/System/Library/PrivateFrameworks/AppleSauce.framework/Versions/A/AppleSauce
0x00007fff6659c000 	/usr/lib/libIOReport.dylib
0x00007fff317fa000 	/System/Library/Frameworks/CoreVideo.framework/Versions/A/CoreVideo
0x00007fff52101000 	/System/Library/PrivateFrameworks/GraphVisualizer.framework/Versions/A/GraphVisualizer
0x00007fff4b44d000 	/System/Library/PrivateFrameworks/FaceCore.framework/Versions/A/FaceCore
0x00007fff38d15000 	/System/Library/Frameworks/OpenCL.framework/Versions/A/OpenCL
0x00007fff663be000 	/usr/lib/libFosl_dynamic.dylib
0x00007fff57842000 	/System/Library/PrivateFrameworks/OTSVG.framework/Versions/A/OTSVG
0x00007fff2d9b4000 	/System/Library/Frameworks/ApplicationServices.framework/Versions/A/Frameworks/ATS.framework/Versions/A/Resources/libFontRegistry.dylib
0x00007fff4c0d8000 	/System/Library/PrivateFrameworks/FontServices.framework/libhvf.dylib
0x00007fff3970a000 	/System/Library/Frameworks/OpenGL.framework/Versions/A/Libraries/libGFXShared.dylib
0x00007fff398e8000 	/System/Library/Frameworks/OpenGL.framework/Versions/A/Libraries/libGLU.dylib
0x00007fff39713000 	/System/Library/Frameworks/OpenGL.framework/Versions/A/Libraries/libGL.dylib
0x00007fff3971e000 	/System/Library/Frameworks/OpenGL.framework/Versions/A/Libraries/libGLImage.dylib
0x00007fff396fc000 	/System/Library/Frameworks/OpenGL.framework/Versions/A/Libraries/libCVMSPluginSupport.dylib
0x00007fff39705000 	/System/Library/Frameworks/OpenGL.framework/Versions/A/Libraries/libCoreVMClient.dylib
0x00007fff68030000 	/usr/lib/libncurses.5.4.dylib
0x00007fff2d8b0000 	/System/Library/Frameworks/ApplicationServices.framework/Versions/A/Frameworks/ATS.framework/Versions/A/ATS
0x00007fff2da7d000 	/System/Library/Frameworks/ApplicationServices.framework/Versions/A/Frameworks/ColorSyncLegacy.framework/Versions/A/ColorSyncLegacy
0x00007fff2db1b000 	/System/Library/Frameworks/ApplicationServices.framework/Versions/A/Frameworks/HIServices.framework/Versions/A/HIServices
0x00007fff2db73000 	/System/Library/Frameworks/ApplicationServices.framework/Versions/A/Frameworks/LangAnalysis.framework/Versions/A/LangAnalysis
0x00007fff2db82000 	/System/Library/Frameworks/ApplicationServices.framework/Versions/A/Frameworks/PrintCore.framework/Versions/A/PrintCore
0x00007fff2dbc8000 	/System/Library/Frameworks/ApplicationServices.framework/Versions/A/Frameworks/QD.framework/Versions/A/QD
0x00007fff2dbd3000 	/System/Library/Frameworks/ApplicationServices.framework/Versions/A/Frameworks/SpeechSynthesis.framework/Versions/A/SpeechSynthesis
0x00007fff2da4d000 	/System/Library/Frameworks/ApplicationServices.framework/Versions/A/Frameworks/ATSUI.framework/Versions/A/ATSUI
0x00007fff67474000 	/usr/lib/libcups.2.dylib
0x00007fff34193000 	/System/Library/Frameworks/Kerberos.framework/Versions/A/Kerberos
0x00007fff322d4000 	/System/Library/Frameworks/GSS.framework/Versions/A/GSS
0x00007fff687b3000 	/usr/lib/libresolv.9.dylib
0x00007fff522ae000 	/System/Library/PrivateFrameworks/Heimdal.framework/Versions/A/Heimdal
0x00007fff341a6000 	/System/Library/Frameworks/Kerberos.framework/Versions/A/Libraries/libHeimdalProxy.dylib
0x00007fff6761b000 	/usr/lib/libheimdal-asn1.dylib
0x00007fff465b7000 	/System/Library/PrivateFrameworks/CommonAuth.framework/Versions/A/CommonAuth
0x00007fff4380d000 	/System/Library/PrivateFrameworks/AssertionServices.framework/Versions/A/AssertionServices
0x00007fff443af000 	/System/Library/PrivateFrameworks/AudioToolboxCore.framework/Versions/A/AudioToolboxCore
0x00007fff63439000 	/System/Library/PrivateFrameworks/caulk.framework/Versions/A/caulk
0x00007fff44978000 	/System/Library/PrivateFrameworks/BaseBoard.framework/Versions/A/BaseBoard
0x00007fff5ba99000 	/System/Library/PrivateFrameworks/RunningBoardServices.framework/Versions/A/RunningBoardServices
0x00007fff58aad000 	/System/Library/PrivateFrameworks/PersistentConnection.framework/Versions/A/PersistentConnection
0x00007fff5b493000 	/System/Library/PrivateFrameworks/ProtocolBuffer.framework/Versions/A/ProtocolBuffer
0x00007fff465db000 	/System/Library/PrivateFrameworks/CommonUtilities.framework/Versions/A/CommonUtilities
0x00007fff44b06000 	/System/Library/PrivateFrameworks/Bom.framework/Versions/A/Bom
0x00007fff6626f000 	/usr/lib/libAudioToolboxUtility.dylib
0x00007fff448d6000 	/System/Library/PrivateFrameworks/Backup.framework/Versions/A/Backup
0x00007fff496a5000 	/System/Library/PrivateFrameworks/CrashReporterSupport.framework/Versions/A/CrashReporterSupport
0x00007fff5d52a000 	/System/Library/PrivateFrameworks/Sharing.framework/Versions/A/Sharing
0x00007fff42e1b000 	/System/Library/PrivateFrameworks/Apple80211.framework/Versions/A/Apple80211
0x00007fff445f3000 	/System/Library/PrivateFrameworks/AuthKit.framework/Versions/A/AuthKit
0x00007fff493b5000 	/System/Library/PrivateFrameworks/CoreUtils.framework/Versions/A/CoreUtils
0x00007fff3183f000 	/System/Library/Frameworks/CoreWLAN.framework/Versions/A/CoreWLAN
0x00007fff32461000 	/System/Library/Frameworks/IOBluetooth.framework/Versions/A/IOBluetooth
0x00007fff56671000 	/System/Library/PrivateFrameworks/MobileKeyBag.framework/Versions/A/MobileKeyBag
0x00007fff481ba000 	/System/Library/PrivateFrameworks/CorePhoneNumbers.framework/Versions/A/CorePhoneNumbers
0x00007fff4320b000 	/System/Library/PrivateFrameworks/AppleIDAuthSupport.framework/Versions/A/AppleIDAuthSupport
0x00007fff3618d000 	/System/Library/Frameworks/Network.framework/Versions/A/Network
0x00007fff54d41000 	/System/Library/PrivateFrameworks/KeychainCircle.framework/Versions/A/KeychainCircle
0x00007fff2f293000 	/System/Library/Frameworks/CoreBluetooth.framework/Versions/A/CoreBluetooth
0x00007fff5f5a7000 	/System/Library/PrivateFrameworks/SpeechRecognitionCore.framework/Versions/A/SpeechRecognitionCore
0x00007fff228c6000 	/System/Library/CoreServices/Encodings/libTraditionalChineseConverter.dylib
0x0000000109400000 	/Library/Java/JavaVirtualMachines/openjdk-14.jdk/Contents/Home/lib/server/libjvm.dylib
0x0000000108b97000 	/Library/Java/JavaVirtualMachines/openjdk-14.jdk/Contents/Home/lib/libjimage.dylib
0x0000000108ba4000 	/Library/Java/JavaVirtualMachines/openjdk-14.jdk/Contents/Home/lib/libjdwp.dylib
0x000000010a1a1000 	/Library/Java/JavaVirtualMachines/openjdk-14.jdk/Contents/Home/lib/libjava.dylib
0x0000000108be7000 	/Library/Java/JavaVirtualMachines/openjdk-14.jdk/Contents/Home/lib/libzip.dylib
0x0000000115fd0000 	/Library/Java/JavaVirtualMachines/openjdk-14.jdk/Contents/Home/lib/libdt_socket.dylib
0x0000000115fda000 	/Library/Java/JavaVirtualMachines/openjdk-14.jdk/Contents/Home/lib/libnio.dylib
0x0000000115fed000 	/Library/Java/JavaVirtualMachines/openjdk-14.jdk/Contents/Home/lib/libnet.dylib
0x0000000116005000 	/Users/cliff/Code.localized/SpaceShooter/libbulletjme.dylib
0x000000011624e000 	/Users/cliff/Code.localized/SpaceShooter/libopenal.dylib
0x00000001162aa000 	/Library/Java/JavaVirtualMachines/openjdk-14.jdk/Contents/Home/lib/libverify.dylib
0x00000001162b9000 	/Library/Java/JavaVirtualMachines/openjdk-14.jdk/Contents/Home/lib/libawt.dylib
0x0000000116355000 	/Library/Java/JavaVirtualMachines/openjdk-14.jdk/Contents/Home/lib/libmlib_image.dylib
0x00007fff3417d000 	/System/Library/Frameworks/JavaVM.framework/Versions/A/Frameworks/JavaNativeFoundation.framework/Versions/A/JavaNativeFoundation
0x00007fff34186000 	/System/Library/Frameworks/JavaVM.framework/Versions/A/Frameworks/JavaRuntimeSupport.framework/Versions/A/JavaRuntimeSupport
0x00007fff3418e000 	/System/Library/Frameworks/JavaVM.framework/Versions/A/JavaVM
0x00007fff54b58000 	/System/Library/PrivateFrameworks/JavaLaunching.framework/Versions/A/JavaLaunching
0x00007fff2e464000 	/System/Library/Frameworks/Carbon.framework/Versions/A/Carbon
0x00007fff4915a000 	/System/Library/PrivateFrameworks/CoreSymbolication.framework/Versions/A/CoreSymbolication
0x00007fff2e465000 	/System/Library/Frameworks/Carbon.framework/Versions/A/Frameworks/CommonPanels.framework/Versions/A/CommonPanels
0x00007fff2e75e000 	/System/Library/Frameworks/Carbon.framework/Versions/A/Frameworks/Help.framework/Versions/A/Help
0x00007fff2e762000 	/System/Library/Frameworks/Carbon.framework/Versions/A/Frameworks/ImageCapture.framework/Versions/A/ImageCapture
0x00007fff2e769000 	/System/Library/Frameworks/Carbon.framework/Versions/A/Frameworks/OpenScripting.framework/Versions/A/OpenScripting
0x00007fff2e768000 	/System/Library/Frameworks/Carbon.framework/Versions/A/Frameworks/Ink.framework/Versions/A/Ink
0x00007fff2e7a4000 	/System/Library/Frameworks/Carbon.framework/Versions/A/Frameworks/Print.framework/Versions/A/Print
0x00007fff2e7a5000 	/System/Library/Frameworks/Carbon.framework/Versions/A/Frameworks/SecurityHI.framework/Versions/A/SecurityHI
0x00007fff498d9000 	/System/Library/PrivateFrameworks/DebugSymbols.framework/Versions/A/DebugSymbols
0x00000001163c1000 	/Library/Java/JavaVirtualMachines/openjdk-14.jdk/Contents/Home/lib/libawt_lwawt.dylib
0x0000000116473000 	/Library/Java/JavaVirtualMachines/openjdk-14.jdk/Contents/Home/lib/libosxapp.dylib
0x00007fff31d3d000 	/System/Library/Frameworks/ExceptionHandling.framework/Versions/A/ExceptionHandling
0x000000011649a000 	/Library/Java/JavaVirtualMachines/openjdk-14.jdk/Contents/Home/lib/libfontmanager.dylib
0x00000001165a0000 	/Library/Java/JavaVirtualMachines/openjdk-14.jdk/Contents/Home/lib/libfreetype.dylib
0x00007fff48bd3000 	/System/Library/PrivateFrameworks/CoreServicesInternal.framework/Versions/A/CoreServicesInternal
0x00007fff31d5c000 	/System/Library/Frameworks/FileProvider.framework/Versions/A/FileProvider
0x00007fff2c8f6000 	/System/Library/Frameworks/Accounts.framework/Versions/A/Accounts
0x00007fff50fac000 	/System/Library/PrivateFrameworks/GenerationalStorage.framework/Versions/A/GenerationalStorage
0x00007fff5fde7000 	/System/Library/PrivateFrameworks/SymptomDiagnosticReporter.framework/Versions/A/SymptomDiagnosticReporter
0x00007fff42920000 	/System/Library/PrivateFrameworks/AppContainer.framework/Versions/A/AppContainer
0x00007fff687cd000 	/usr/lib/libsandbox.1.dylib
0x00007fff61732000 	/System/Library/PrivateFrameworks/UserManagement.framework/Versions/A/UserManagement
0x00007fff456c1000 	/System/Library/PrivateFrameworks/ChunkingLibrary.framework/Versions/A/ChunkingLibrary
0x00007fff42992000 	/System/Library/PrivateFrameworks/AppSandbox.framework/Versions/A/AppSandbox
0x00007fff5d3b4000 	/System/Library/PrivateFrameworks/SecCodeWrapper.framework/Versions/A/SecCodeWrapper
0x00007fff66684000 	/usr/lib/libMatch.1.dylib
0x00007fff228da000 	/System/Library/CoreServices/RawCamera.bundle/Contents/MacOS/RawCamera
0x00007fff5649b000 	/System/Library/PrivateFrameworks/MobileAsset.framework/Versions/A/MobileAsset
0x00007fff5fc8f000 	/System/Library/PrivateFrameworks/StreamingZip.framework/Versions/A/StreamingZip
0x00007fff3460e000 	/System/Library/Frameworks/MediaToolbox.framework/Versions/A/MediaToolbox
0x00007fff470cc000 	/System/Library/PrivateFrameworks/CoreAVCHD.framework/Versions/A/CoreAVCHD
0x00007fff34538000 	/System/Library/Frameworks/MediaAccessibility.framework/Versions/A/MediaAccessibility
0x00007fff55850000 	/System/Library/PrivateFrameworks/Mangrove.framework/Versions/A/Mangrove
0x00007fff30a07000 	/System/Library/Frameworks/CoreMedia.framework/Versions/A/CoreMedia
0x00007fff55abc000 	/System/Library/PrivateFrameworks/MediaExperience.framework/Versions/A/MediaExperience
0x00007fff3d4ce000 	/System/Library/Frameworks/VideoToolbox.framework/Versions/A/VideoToolbox
0x00007fff46cf6000 	/System/Library/PrivateFrameworks/CoreAUC.framework/Versions/A/CoreAUC
0x00007fff68825000 	/usr/lib/libspindump.dylib
0x00007fff43d5e000 	/System/Library/PrivateFrameworks/AudioResourceArbitration.framework/Versions/A/AudioResourceArbitration
0x00007fff43774000 	/System/Library/PrivateFrameworks/AppleVA.framework/Versions/A/AppleVA
0x00007fff2b474000 	/System/Library/Frameworks/Accelerate.framework/Versions/A/Frameworks/vImage.framework/Versions/A/Libraries/libCGInterfaces.dylib
0x0000000116ade000 	/usr/lib/libobjc-trampolines.dylib
0x00007fff4c03f000 	/System/Library/PrivateFrameworks/FontServices.framework/libTrueTypeScaler.dylib
0x00007fff24fec000 	/System/Library/Extensions/AppleIntelBDWGraphicsMTLDriver.bundle/Contents/MacOS/AppleIntelBDWGraphicsMTLDriver
0x00007fff4f5c9000 	/System/Library/PrivateFrameworks/GPUCompiler.framework/Versions/3902/Libraries/libmetal_timestamp.dylib
0x00007fff624fe000 	/System/Library/PrivateFrameworks/ViewBridge.framework/Versions/A/ViewBridge
0x000000012d548000 	/Users/cliff/Code.localized/SpaceShooter/liblwjgl.dylib
0x000000012d5ca000 	/Library/Java/JavaVirtualMachines/openjdk-14.jdk/Contents/Home/lib/libjawt.dylib
0x00007fff3a370000 	/System/Library/Frameworks/OpenGL.framework/Versions/A/Resources/GLEngine.bundle/GLEngine
0x00007fff39753000 	/System/Library/Frameworks/OpenGL.framework/Versions/A/Libraries/libGLProgrammability.dylib
0x00007fff24aeb000 	/System/Library/Extensions/AppleIntelBDWGraphicsGLDriver.bundle/Contents/MacOS/AppleIntelBDWGraphicsGLDriver
0x00007fff50c7b000 	/System/Library/PrivateFrameworks/GPUSupport.framework/Versions/A/Libraries/libGPUSupportMercury.dylib
0x00007fff3a4ea000 	/System/Library/Frameworks/OpenGL.framework/Versions/A/Resources/GLRendererFloat.bundle/GLRendererFloat
0x00007fff38d0c000 	/System/Library/Frameworks/OpenCL.framework/Versions/A/Libraries/libcldcpuengine.dylib
0x00007fff6378c000 	/System/Library/PrivateFrameworks/login.framework/Versions/A/login


VM Arguments:
jvm_args: -agentlib:jdwp=transport=dt_socket,server=n,suspend=y,address=localhost:58454 -Dfile.encoding=UTF-8 
java_command: SpaceShooter.Main
java_class_path (initial): /Users/cliff/Code.localized/SpaceShooter/target/classes:/Users/cliff/.m2/repository/com/github/nifty-gui/nifty/1.4.3/nifty-1.4.3.jar:/Users/cliff/.m2/repository/xpp3/xpp3/1.1.4c/xpp3-1.1.4c.jar:/Users/cliff/.m2/repository/com/google/code/findbugs/jsr305/2.0.2/jsr305-2.0.2.jar:/Users/cliff/.m2/repository/org/jmonkeyengine/jme3-jogg/3.3.2-stable/jme3-jogg-3.3.2-stable.jar:/Users/cliff/.m2/repository/de/jarnbjo/j-ogg-all/1.0.0/j-ogg-all-1.0.0.jar:/Users/cliff/.m2/repository/org/jmonkeyengine/jme3-niftygui/3.3.2-stable/jme3-niftygui-3.3.2-stable.jar:/Users/cliff/.m2/repository/com/github/nifty-gui/nifty-default-controls/1.4.3/nifty-default-controls-1.4.3.jar:/Users/cliff/.m2/repository/com/github/nifty-gui/nifty-style-black/1.4.3/nifty-style-black-1.4.3.jar:/Users/cliff/.m2/repository/org/jmonkeyengine/jme3-plugins/3.3.2-stable/jme3-plugins-3.3.2-stable.jar:/Users/cliff/.m2/repository/com/google/code/gson/gson/2.8.1/gson-2.8.1.jar:/Users/cliff/.m2/repository/org/jmonkeyengine/jme3-blender/3.3.2-stable/jme3-blender-3.3.2-stable.jar:/Users/cliff/.m2/repository/org/jmonkeyengine/jme3-effects/3.3.2-stable/jme3-effects-3.3.2-stable.jar:/Users/cliff/.m2/repository/org/ejml/core/0.27/core-0.27.jar:/Users/cliff/.m2/repository/org/ejml/dense64/0.27/dense64-0.27.jar:/Users/cliff/.m2/repository/org/ejml/simple/0.27/simple-0.27.jar:/Users/cliff/.m2/repository/org/ejml/denseC64/0.27/denseC64-0.27.jar:/Users/cliff/.m2/repository/org/jmonkeyengine/jme3-core/3.3.2-stable/jme3-core-3.3.2-stable.jar:/Users/cliff/.m2/repository/org/jmonkeyengine/jme3-desktop/3.3.2-stable/jme3-desktop-3.3.2-stable.jar:/Users/cliff/.m2/repository/org/jmonkeyengine/jme3-lwjgl/3.3.2-stable/jme3-lwjgl-3.3.2-stable.jar:/Users/cliff/.m2/repository/org/lwjgl/lwjgl/lwjgl/2.9.3/lwjgl-2.9.3.jar:/Users/cliff/.m2/repository/org/lwjgl/lwjgl/lwjgl-platform/2.9.3/lwjgl-platform-2.9.3-natives-windows.jar:/Users/cliff/.m2/repository/org/lwjgl/lwjgl/lwjgl-platform/2.9.3/lwjgl-platform-2.9.3-nati
Launcher Type: SUN_STANDARD

[Global flags]
     intx CICompilerCount                          = 3                                         {product} {ergonomic}
     uint ConcGCThreads                            = 1                                         {product} {ergonomic}
     uint G1ConcRefinementThreads                  = 4                                         {product} {ergonomic}
   size_t G1HeapRegionSize                         = 1048576                                   {product} {ergonomic}
    uintx GCDrainStackTargetSize                   = 64                                        {product} {ergonomic}
   size_t InitialHeapSize                          = 134217728                                 {product} {ergonomic}
   size_t MarkStackSize                            = 4194304                                   {product} {ergonomic}
   size_t MaxHeapSize                              = 2147483648                                {product} {ergonomic}
   size_t MaxNewSize                               = 1287651328                                {product} {ergonomic}
   size_t MinHeapDeltaBytes                        = 1048576                                   {product} {ergonomic}
   size_t MinHeapSize                              = 8388608                                   {product} {ergonomic}
    uintx NonNMethodCodeHeapSize                   = 5832780                                {pd product} {ergonomic}
    uintx NonProfiledCodeHeapSize                  = 122912730                              {pd product} {ergonomic}
    uintx ProfiledCodeHeapSize                     = 122912730                              {pd product} {ergonomic}
    uintx ReservedCodeCacheSize                    = 251658240                              {pd product} {ergonomic}
     bool SegmentedCodeCache                       = true                                      {product} {ergonomic}
   size_t SoftMaxHeapSize                          = 2147483648                             {manageable} {ergonomic}
     bool UseCompressedClassPointers               = true                                 {lp64_product} {ergonomic}
     bool UseCompressedOops                        = true                                 {lp64_product} {ergonomic}
     bool UseG1GC                                  = true                                      {product} {ergonomic}

Logging:
Log output configuration:
 #0: stdout all=warning uptime,level,tags
 #1: stderr all=off uptime,level,tags

Environment Variables:
PATH=/usr/local/bin:/usr/bin:/bin:/usr/sbin:/sbin
SHELL=/bin/zsh

Signal Handlers:
SIGSEGV: [libjvm.dylib+0x740a20], sa_mask[0]=11111111011111110111111111111111, sa_flags=SA_ONSTACK|SA_RESTART|SA_SIGINFO
SIGBUS: [libjvm.dylib+0x740a20], sa_mask[0]=11111111011111110111111111111111, sa_flags=SA_RESTART|SA_SIGINFO
SIGFPE: [libjvm.dylib+0x740a20], sa_mask[0]=11111111011111110111111111111111, sa_flags=SA_RESTART|SA_SIGINFO
SIGPIPE: [libjvm.dylib+0x5ea84f], sa_mask[0]=11111111011111110111111111111111, sa_flags=SA_RESTART|SA_SIGINFO
SIGXFSZ: [libjvm.dylib+0x5ea84f], sa_mask[0]=11111111011111110111111111111111, sa_flags=SA_RESTART|SA_SIGINFO
SIGILL: [libjvm.dylib+0x740a20], sa_mask[0]=11111111011111110111111111111111, sa_flags=SA_RESTART|SA_SIGINFO
SIGUSR2: [libjvm.dylib+0x5eae21], sa_mask[0]=00000000000000000000000000000000, sa_flags=SA_RESTART|SA_SIGINFO
SIGHUP: [libjvm.dylib+0x5e9e83], sa_mask[0]=11111111011111110111111111111111, sa_flags=SA_RESTART|SA_SIGINFO
SIGINT: [libjvm.dylib+0x5e9e83], sa_mask[0]=11111111011111110111111111111111, sa_flags=SA_RESTART|SA_SIGINFO
SIGTERM: [libjvm.dylib+0x5e9e83], sa_mask[0]=11111111011111110111111111111111, sa_flags=SA_RESTART|SA_SIGINFO
SIGQUIT: [libjvm.dylib+0x5e9e83], sa_mask[0]=11111111011111110111111111111111, sa_flags=SA_RESTART|SA_SIGINFO


---------------  S Y S T E M  ---------------

OS:uname:Darwin 19.5.0 Darwin Kernel Version 19.5.0: Tue May 26 20:41:44 PDT 2020; root:xnu-6153.121.2~2/RELEASE_X86_64 x86_64
OS uptime: 15 days 19:51 hours
rlimit: STACK 8192k, CORE 0k, NPROC 1392, NOFILE 10240, AS infinity, DATA infinity, FSIZE infinity
load average:3.55 2.23 2.33

CPU:total 4 (initial active 4) (2 cores per cpu, 2 threads per core) family 6 model 61 stepping 4, cmov, cx8, fxsr, mmx, sse, sse2, sse3, ssse3, sse4.1, sse4.2, popcnt, avx, avx2, aes, clmul, erms, 3dnowpref, lzcnt, ht, tsc, tscinvbit, bmi1, bmi2, adx, fma

Memory: 4k page, physical 8388608k(880176k free), swap 1048576k(803072k free)

vm_info: OpenJDK 64-Bit Server VM (14+36-1461) for bsd-amd64 JRE (14+36-1461), built on Feb  6 2020 19:03:05 by "mach5one" with clang 4.2.1 Compatible Apple LLVM 10.0.0 (clang-1000.11.45.5)

END.
